#
# A fatal error has been detected by the Java Runtime Environment:
#
#  EXCEPTION_ACCESS_VIOLATION (0xc0000005) at pc=0x000000005d55f9e0, pid=10848, tid=3888
#
# JRE version: Java(TM) SE Runtime Environment (7.0_40-b43) (build 1.7.0_40-b43)
# Java VM: Java HotSpot(TM) 64-Bit Server VM (24.0-b56 mixed mode windows-amd64 compressed oops)
# Problematic frame:
# V  [jvm.dll+0x42f9e0]
#
# Failed to write core dump. Minidumps are not enabled by default on client versions of Windows
#
# If you would like to submit a bug report, please visit:
#   http://bugreport.sun.com/bugreport/crash.jsp
#

---------------  T H R E A D  ---------------

Current thread (0x000000000f637000):  JavaThread "C2 CompilerThread1" daemon [_thread_in_native, id=3888, stack(0x0000000010cb0000,0x0000000010db0000)]

siginfo: ExceptionCode=0xc0000005, reading address 0x000000205d8841a8

Registers:
RAX=0x0000000000000000, RBX=0x0000000014408570, RCX=0x000000205d8841a8, RDX=0x0000000000000000
RSP=0x0000000010dac8f0, RBP=0x0000000000000016, RSI=0x00000000000000b0, RDI=0x0000000010dac940
R8 =0x0000000000004000, R9 =0x00000000132536c0, R10=0x000000005d130000, R11=0x0000000000000246
R12=0x000000005d8841a8, R13=0x000000005d130000, R14=0x000000000f63ac68, R15=0x0000000000000000
RIP=0x000000005d55f9e0, EFLAGS=0x0000000000010246

Top of Stack: (sp=0x0000000010dac8f0)
0x0000000010dac8f0:   0000000010daf020 00000000144075d0
0x0000000010dac900:   fffffffffffffff8 000000000f604390
0x0000000010dac910:   00000000000030ce 000000005d55abff
0x0000000010dac920:   0000000014408570 0000000014408570
0x0000000010dac930:   00000000000030ce 0000000010daca10
0x0000000010dac940:   000010da00000000 0000000000000007
0x0000000010dac950:   000000205d8841a8 0000000000000011
0x0000000010dac960:   000000001250d428 000000000000003b
0x0000000010dac970:   0000000014548110 0000000010dacd20
0x0000000010dac980:   000000000f63a890 0000000010dacd20
0x0000000010dac990:   000000000f63a880 000000005d529917
0x0000000010dac9a0:   0000000010daf020 0000000010dacaa0
0x0000000010dac9b0:   00000000000003d8 0000000000000006
0x0000000010dac9c0:   000000000f63a880 00000000132500a0
0x0000000010dac9d0:   0000000013253a10 0000000013258088
0x0000000010dac9e0:   0000000000f828b0 00000000110c21e0 

Instructions: (pc=0x000000005d55f9e0)
0x000000005d55f9c0:   48 8b 4f 20 48 39 04 0e 0f 84 9d 00 00 00 48 8b
0x000000005d55f9d0:   0c 0e 33 d2 33 c0 48 89 4f 10 66 0f 1f 44 00 00
0x000000005d55f9e0:   83 3c 08 00 0f 85 36 01 00 00 ff c2 48 83 c0 04
0x000000005d55f9f0:   83 fa 08 72 eb 48 8b 47 30 48 89 44 24 30 48 85 


Register to memory mapping:

RAX=0x0000000000000000 is an unknown value
RBX=0x0000000014408570 is an unknown value
RCX=0x000000205d8841a8 is an unknown value
RDX=0x0000000000000000 is an unknown value
RSP=0x0000000010dac8f0 is pointing into the stack for thread: 0x000000000f637000
RBP=0x0000000000000016 is an unknown value
RSI=0x00000000000000b0 is an unknown value
RDI=0x0000000010dac940 is pointing into the stack for thread: 0x000000000f637000
R8 =0x0000000000004000 is an unknown value
R9 =0x00000000132536c0 is an unknown value
R10=0x000000005d130000 is an unknown value
R11=0x0000000000000246 is an unknown value
R12=0x000000005d8841a8 is an unknown value
R13=0x000000005d130000 is an unknown value
R14=0x000000000f63ac68 is an unknown value
R15=0x0000000000000000 is an unknown value


Stack: [0x0000000010cb0000,0x0000000010db0000],  sp=0x0000000010dac8f0,  free space=1010k
Native frames: (J=compiled Java code, j=interpreted, Vv=VM code, C=native code)
V  [jvm.dll+0x42f9e0]


Current CompileTask:
C2:   2335  526             com.android.dx.dex.cf.CfTranslator::translate0 (259 bytes)


---------------  P R O C E S S  ---------------

Java Threads: ( => current thread )
  0x00000000110b5000 JavaThread "pool-1-thread-4" [_thread_in_Java, id=10964, stack(0x00000000117b0000,0x00000000118b0000)]
  0x00000000110b4000 JavaThread "pool-1-thread-3" [_thread_in_Java, id=15636, stack(0x00000000116b0000,0x00000000117b0000)]
  0x00000000110b3800 JavaThread "pool-1-thread-2" [_thread_in_Java, id=15808, stack(0x00000000115b0000,0x00000000116b0000)]
  0x000000001103d000 JavaThread "pool-2-thread-1" [_thread_blocked, id=13860, stack(0x00000000114b0000,0x00000000115b0000)]
  0x000000000f67c800 JavaThread "pool-1-thread-1" [_thread_blocked, id=15080, stack(0x00000000113b0000,0x00000000114b0000)]
  0x000000000f647000 JavaThread "Service Thread" daemon [_thread_blocked, id=5572, stack(0x0000000010db0000,0x0000000010eb0000)]
=>0x000000000f637000 JavaThread "C2 CompilerThread1" daemon [_thread_in_native, id=3888, stack(0x0000000010cb0000,0x0000000010db0000)]
  0x000000000f635800 JavaThread "C2 CompilerThread0" daemon [_thread_in_native, id=14512, stack(0x0000000010bb0000,0x0000000010cb0000)]
  0x000000000f634800 JavaThread "Attach Listener" daemon [_thread_blocked, id=17152, stack(0x0000000010ab0000,0x0000000010bb0000)]
  0x000000000f631000 JavaThread "Signal Dispatcher" daemon [_thread_blocked, id=5396, stack(0x00000000109b0000,0x0000000010ab0000)]
  0x000000000f5ff800 JavaThread "Finalizer" daemon [_thread_blocked, id=740, stack(0x00000000108b0000,0x00000000109b0000)]
  0x000000000f5f4800 JavaThread "Reference Handler" daemon [_thread_blocked, id=13852, stack(0x00000000107b0000,0x00000000108b0000)]
  0x0000000002642800 JavaThread "main" [_thread_blocked, id=9940, stack(0x0000000002540000,0x0000000002640000)]

Other Threads:
  0x000000000f5f2800 VMThread [stack: 0x00000000106b0000,0x00000000107b0000] [id=10776]
  0x000000000f65b800 WatcherThread [stack: 0x0000000010eb0000,0x0000000010fb0000] [id=8304]

VM state:not at safepoint (normal execution)

VM Mutex/Monitor currently owned by a thread: None

Heap
 PSYoungGen      total 142848K, used 140298K [0x00000007aaa80000, 0x00000007b4080000, 0x0000000800000000)
  eden space 132096K, 98% used [0x00000007aaa80000,0x00000007b2902dd0,0x00000007b2b80000)
  from space 10752K, 99% used [0x00000007b3600000,0x00000007b407fd38,0x00000007b4080000)
  to   space 10752K, 0% used [0x00000007b2b80000,0x00000007b2b80000,0x00000007b3600000)
 ParOldGen       total 174080K, used 12487K [0x0000000700000000, 0x000000070aa00000, 0x00000007aaa80000)
  object space 174080K, 7% used [0x0000000700000000,0x0000000700c31f58,0x000000070aa00000)
 PSPermGen       total 21504K, used 5894K [0x00000006fae00000, 0x00000006fc300000, 0x0000000700000000)
  object space 21504K, 27% used [0x00000006fae00000,0x00000006fb3c19c0,0x00000006fc300000)

Card table byte_map: [0x0000000005800000,0x0000000006030000] byte_map_base: 0x0000000002029000

Polling page: 0x0000000000950000

Code Cache  [0x0000000002740000, 0x00000000029d0000, 0x0000000005740000)
 total_blobs=850 nmethods=614 adapters=188 free_code_cache=46608Kb largest_free_block=47685312

Compilation events (10 events):
Event: 2.273 Thread 0x000000000f635800 nmethod 608 0x0000000002994050 code [0x00000000029941a0, 0x0000000002994278]
Event: 2.273 Thread 0x000000000f635800  609   !         com.android.dx.rop.type.Prototype::intern (233 bytes)
Event: 2.312 Thread 0x000000000f635800 nmethod 609 0x00000000029c1f50 code [0x00000000029c21e0, 0x00000000029c4900]
Event: 2.312 Thread 0x000000000f635800  610             com.android.dx.rop.type.Prototype::getDescriptor (5 bytes)
Event: 2.312 Thread 0x000000000f635800 nmethod 610 0x000000000299a4d0 code [0x000000000299a600, 0x000000000299a678]
Event: 2.312 Thread 0x000000000f635800  611             com.android.dx.rop.type.Prototype::<init> (67 bytes)
Event: 2.313 Thread 0x000000000f635800 nmethod 611 0x000000000299a1d0 code [0x000000000299a300, 0x000000000299a3f8]
Event: 2.313 Thread 0x000000000f635800  612   !         com.android.dx.rop.type.Prototype::putIntern (50 bytes)
Event: 2.318 Thread 0x000000000f635800 nmethod 612 0x000000000299edd0 code [0x000000000299ef60, 0x000000000299f7b8]
Event: 2.318 Thread 0x000000000f635800  613             com.android.dx.cf.code.ByteCatchList::toTargetList (114 bytes)

GC Heap History (4 events):
Event: 0.875 GC heap before
{Heap before GC invocations=1 (full 0):
 PSYoungGen      total 76800K, used 66048K [0x00000007aaa80000, 0x00000007b0000000, 0x0000000800000000)
  eden space 66048K, 100% used [0x00000007aaa80000,0x00000007aeb00000,0x00000007aeb00000)
  from space 10752K, 0% used [0x00000007af580000,0x00000007af580000,0x00000007b0000000)
  to   space 10752K, 0% used [0x00000007aeb00000,0x00000007aeb00000,0x00000007af580000)
 ParOldGen       total 174080K, used 0K [0x0000000700000000, 0x000000070aa00000, 0x00000007aaa80000)
  object space 174080K, 0% used [0x0000000700000000,0x0000000700000000,0x000000070aa00000)
 PSPermGen       total 21504K, used 5328K [0x00000006fae00000, 0x00000006fc300000, 0x0000000700000000)
  object space 21504K, 24% used [0x00000006fae00000,0x00000006fb334338,0x00000006fc300000)
Event: 0.886 GC heap after
Heap after GC invocations=1 (full 0):
 PSYoungGen      total 76800K, used 10728K [0x00000007aaa80000, 0x00000007b4080000, 0x0000000800000000)
  eden space 66048K, 0% used [0x00000007aaa80000,0x00000007aaa80000,0x00000007aeb00000)
  from space 10752K, 99% used [0x00000007aeb00000,0x00000007af57a298,0x00000007af580000)
  to   space 10752K, 0% used [0x00000007b3600000,0x00000007b3600000,0x00000007b4080000)
 ParOldGen       total 174080K, used 1974K [0x0000000700000000, 0x000000070aa00000, 0x00000007aaa80000)
  object space 174080K, 1% used [0x0000000700000000,0x00000007001edbd0,0x000000070aa00000)
 PSPermGen       total 21504K, used 5328K [0x00000006fae00000, 0x00000006fc300000, 0x0000000700000000)
  object space 21504K, 24% used [0x00000006fae00000,0x00000006fb334338,0x00000006fc300000)
}
Event: 1.434 GC heap before
{Heap before GC invocations=2 (full 0):
 PSYoungGen      total 76800K, used 76776K [0x00000007aaa80000, 0x00000007b4080000, 0x0000000800000000)
  eden space 66048K, 100% used [0x00000007aaa80000,0x00000007aeb00000,0x00000007aeb00000)
  from space 10752K, 99% used [0x00000007aeb00000,0x00000007af57a298,0x00000007af580000)
  to   space 10752K, 0% used [0x00000007b3600000,0x00000007b3600000,0x00000007b4080000)
 ParOldGen       total 174080K, used 1974K [0x0000000700000000, 0x000000070aa00000, 0x00000007aaa80000)
  object space 174080K, 1% used [0x0000000700000000,0x00000007001edbd0,0x000000070aa00000)
 PSPermGen       total 21504K, used 5826K [0x00000006fae00000, 0x00000006fc300000, 0x0000000700000000)
  object space 21504K, 27% used [0x00000006fae00000,0x00000006fb3b0af8,0x00000006fc300000)
Event: 1.449 GC heap after
Heap after GC invocations=2 (full 0):
 PSYoungGen      total 142848K, used 10751K [0x00000007aaa80000, 0x00000007b4080000, 0x0000000800000000)
  eden space 132096K, 0% used [0x00000007aaa80000,0x00000007aaa80000,0x00000007b2b80000)
  from space 10752K, 99% used [0x00000007b3600000,0x00000007b407fd38,0x00000007b4080000)
  to   space 10752K, 0% used [0x00000007b2b80000,0x00000007b2b80000,0x00000007b3600000)
 ParOldGen       total 174080K, used 12487K [0x0000000700000000, 0x000000070aa00000, 0x00000007aaa80000)
  object space 174080K, 7% used [0x0000000700000000,0x0000000700c31f58,0x000000070aa00000)
 PSPermGen       total 21504K, used 5826K [0x00000006fae00000, 0x00000006fc300000, 0x0000000700000000)
  object space 21504K, 27% used [0x00000006fae00000,0x00000006fb3b0af8,0x00000006fc300000)
}

Deoptimization events (10 events):
Event: 2.004 Thread 0x00000000110b5000 Uncommon trap: reason=class_check action=maybe_recompile pc=0x0000000002931868 method=com.android.dx.ssa.ConstCollector.getConstsSortedByCountUse()Ljava/util/ArrayList; @ 168
Event: 2.004 Thread 0x00000000110b5000 Uncommon trap: reason=unreached action=reinterpret pc=0x00000000028fc610 method=com.android.dx.dex.code.RopToDop.dopFor(Lcom/android/dx/rop/code/Insn;)Lcom/android/dx/dex/code/Dop; @ 747
Event: 2.248 Thread 0x00000000110b5000 Uncommon trap: reason=bimorphic action=maybe_recompile pc=0x000000000296a8f8 method=com.android.dx.cf.code.BytecodeArray.parseInstruction(ILcom/android/dx/cf/code/BytecodeArray$Visitor;)I @ 1501
Event: 2.248 Thread 0x00000000110b5000 Uncommon trap: reason=bimorphic action=maybe_recompile pc=0x000000000296a8f8 method=com.android.dx.cf.code.BytecodeArray.parseInstruction(ILcom/android/dx/cf/code/BytecodeArray$Visitor;)I @ 1501
Event: 2.264 Thread 0x00000000110b5000 Uncommon trap: reason=bimorphic action=maybe_recompile pc=0x00000000028b079c method=com.android.dx.ssa.LiteralOpUpgrader.tryReplacingWithConstant(Lcom/android/dx/ssa/NormalSsaInsn;)Z @ 52
Event: 2.264 Thread 0x00000000110b5000 Uncommon trap: reason=class_check action=maybe_recompile pc=0x0000000002931868 method=com.android.dx.ssa.ConstCollector.getConstsSortedByCountUse()Ljava/util/ArrayList; @ 168
Event: 2.265 Thread 0x00000000110b5000 Uncommon trap: reason=bimorphic action=maybe_recompile pc=0x00000000028aa238 method=com.android.dx.ssa.LiteralOpUpgrader.tryReplacingWithConstant(Lcom/android/dx/ssa/NormalSsaInsn;)Z @ 52
Event: 2.265 Thread 0x00000000110b5000 Uncommon trap: reason=class_check action=maybe_recompile pc=0x0000000002931868 method=com.android.dx.ssa.ConstCollector.getConstsSortedByCountUse()Ljava/util/ArrayList; @ 168
Event: 2.316 Thread 0x00000000110b5000 Uncommon trap: reason=bimorphic action=maybe_recompile pc=0x00000000028ad75c method=com.android.dx.ssa.LiteralOpUpgrader.tryReplacingWithConstant(Lcom/android/dx/ssa/NormalSsaInsn;)Z @ 52
Event: 2.316 Thread 0x00000000110b5000 Uncommon trap: reason=class_check action=maybe_recompile pc=0x0000000002931868 method=com.android.dx.ssa.ConstCollector.getConstsSortedByCountUse()Ljava/util/ArrayList; @ 168

Internal exceptions (10 events):
Event: 0.991 Thread 0x0000000002642800 Threw 0x00000007ababcc68 at C:\jdk7u2_64p\jdk7u40\hotspot\src\share\vm\prims\jvm.cpp:1244
Event: 1.037 Thread 0x0000000002642800 Threw 0x00000007ac05b9e8 at C:\jdk7u2_64p\jdk7u40\hotspot\src\share\vm\prims\jvm.cpp:1244
Event: 1.037 Thread 0x0000000002642800 Threw 0x00000007ac05e9f0 at C:\jdk7u2_64p\jdk7u40\hotspot\src\share\vm\prims\jvm.cpp:1244
Event: 1.043 Thread 0x0000000002642800 Threw 0x00000007ac060e40 at C:\jdk7u2_64p\jdk7u40\hotspot\src\share\vm\prims\jvm.cpp:1244
Event: 1.062 Thread 0x00000000110b3800 Threw 0x00000007ac3749d8 at C:\jdk7u2_64p\jdk7u40\hotspot\src\share\vm\prims\jvm.cpp:1244
Event: 1.062 Thread 0x00000000110b3800 Threw 0x00000007ac37a000 at C:\jdk7u2_64p\jdk7u40\hotspot\src\share\vm\prims\jvm.cpp:1244
Event: 1.063 Thread 0x00000000110b3800 Threw 0x00000007ac37f2e8 at C:\jdk7u2_64p\jdk7u40\hotspot\src\share\vm\prims\jvm.cpp:1244
Event: 1.136 Thread 0x000000000f67c800 Implicit null exception at 0x0000000002893044 to 0x0000000002895059
Event: 1.423 Thread 0x00000000110b4000 Implicit null exception at 0x0000000002922e17 to 0x0000000002924e0d
Event: 1.534 Thread 0x0000000002642800 Threw 0x00000007ab04b258 at C:\jdk7u2_64p\jdk7u40\hotspot\src\share\vm\prims\jvm.cpp:1244

Events (10 events):
Event: 2.265 Thread 0x00000000110b5000 DEOPT UNPACKING pc=0x00000000027775a4 sp=0x00000000118ae860 mode 2
Event: 2.265 Thread 0x00000000110b5000 Uncommon trap: trap_request=0xffffffde fr.pc=0x0000000002931868
Event: 2.265 Thread 0x00000000110b5000 DEOPT PACKING pc=0x0000000002931868 sp=0x00000000118ae9c0
Event: 2.265 Thread 0x00000000110b5000 DEOPT UNPACKING pc=0x00000000027775a4 sp=0x00000000118ae948 mode 2
Event: 2.316 Thread 0x00000000110b5000 Uncommon trap: trap_request=0xffffffc6 fr.pc=0x00000000028ad75c
Event: 2.316 Thread 0x00000000110b5000 DEOPT PACKING pc=0x00000000028ad75c sp=0x00000000118ae8d0
Event: 2.316 Thread 0x00000000110b5000 DEOPT UNPACKING pc=0x00000000027775a4 sp=0x00000000118ae860 mode 2
Event: 2.316 Thread 0x00000000110b5000 Uncommon trap: trap_request=0xffffffde fr.pc=0x0000000002931868
Event: 2.316 Thread 0x00000000110b5000 DEOPT PACKING pc=0x0000000002931868 sp=0x00000000118ae9c0
Event: 2.316 Thread 0x00000000110b5000 DEOPT UNPACKING pc=0x00000000027775a4 sp=0x00000000118ae948 mode 2


Dynamic libraries:
0x00007ff7c7310000 - 0x00007ff7c7343000 	C:\Program Files\Java\jdk1.7.0_40\bin\java.exe
0x00007fffd8f90000 - 0x00007fffd9161000 	C:\WINDOWS\SYSTEM32\ntdll.dll
0x00007fffd6630000 - 0x00007fffd66db000 	C:\WINDOWS\System32\KERNEL32.DLL
0x00007fffd6190000 - 0x00007fffd63ad000 	C:\WINDOWS\System32\KERNELBASE.dll
0x00007fffd7f50000 - 0x00007fffd7ff2000 	C:\WINDOWS\System32\ADVAPI32.dll
0x00007fffd86b0000 - 0x00007fffd874e000 	C:\WINDOWS\System32\msvcrt.dll
0x00007fffd8b60000 - 0x00007fffd8bb9000 	C:\WINDOWS\System32\sechost.dll
0x00007fffd8bc0000 - 0x00007fffd8ce1000 	C:\WINDOWS\System32\RPCRT4.dll
0x00007fffd8750000 - 0x00007fffd88b5000 	C:\WINDOWS\System32\USER32.dll
0x0000000062d50000 - 0x0000000062d6e000 	C:\WINDOWS\System32\win32u.dll
0x00007fffd8240000 - 0x00007fffd8274000 	C:\WINDOWS\System32\GDI32.dll
0x00007fffd5e30000 - 0x00007fffd5fb2000 	C:\WINDOWS\System32\gdi32full.dll
0x00007fffce480000 - 0x00007fffce6f9000 	C:\WINDOWS\WinSxS\amd64_microsoft.windows.common-controls_6595b64144ccf1df_6.0.14388.0_none_2d145292bdacf01a\COMCTL32.dll
0x00007fffd6770000 - 0x00007fffd6a37000 	C:\WINDOWS\System32\combase.dll
0x00007fffd5c20000 - 0x00007fffd5d15000 	C:\WINDOWS\System32\ucrtbase.dll
0x00007fffd6460000 - 0x00007fffd64ca000 	C:\WINDOWS\System32\bcryptPrimitives.dll
0x00007fffd8070000 - 0x00007fffd809e000 	C:\WINDOWS\System32\IMM32.DLL
0x000000005d900000 - 0x000000005d9d1000 	C:\Program Files\Java\jdk1.7.0_40\jre\bin\msvcr100.dll
0x000000005d130000 - 0x000000005d8f9000 	C:\Program Files\Java\jdk1.7.0_40\jre\bin\server\jvm.dll
0x00007fffd8060000 - 0x00007fffd8068000 	C:\WINDOWS\System32\PSAPI.DLL
0x00007fffc9e50000 - 0x00007fffc9e59000 	C:\WINDOWS\SYSTEM32\WSOCK32.dll
0x00007fffd2e50000 - 0x00007fffd2e73000 	C:\WINDOWS\SYSTEM32\WINMM.dll
0x00007fffd88c0000 - 0x00007fffd892a000 	C:\WINDOWS\System32\WS2_32.dll
0x0000000002480000 - 0x00000000024ab000 	C:\WINDOWS\SYSTEM32\WINMMBASE.dll
0x00007fffd64d0000 - 0x00007fffd6512000 	C:\WINDOWS\System32\cfgmgr32.dll
0x000000005d120000 - 0x000000005d12f000 	C:\Program Files\Java\jdk1.7.0_40\jre\bin\verify.dll
0x000000005d0f0000 - 0x000000005d118000 	C:\Program Files\Java\jdk1.7.0_40\jre\bin\java.dll
0x000000005d0d0000 - 0x000000005d0e5000 	C:\Program Files\Java\jdk1.7.0_40\jre\bin\zip.dll
0x000000005d0b0000 - 0x000000005d0c9000 	C:\Program Files\Java\jdk1.7.0_40\jre\bin\net.dll
0x00007fffd4de0000 - 0x00007fffd4e3c000 	C:\WINDOWS\system32\mswsock.dll
0x000000005d090000 - 0x000000005d0a1000 	C:\Program Files\Java\jdk1.7.0_40\jre\bin\nio.dll
0x00007fffc6720000 - 0x00007fffc68b2000 	C:\WINDOWS\SYSTEM32\dbghelp.dll

VM Arguments:
jvm_args: -Djava.awt.headless=true -Xmx4g -Dfile.encoding=windows-1252 -Duser.country=US -Duser.language=en -Duser.variant 
java_command: com.android.dx.command.Main --dex --num-threads=4 --output E:\lib\AndroidStudioProjects\TheSpeaker'sStudioApp\app\build\intermediates\transforms\dex\debug\folders\1000\1f\main E:\lib\AndroidStudioProjects\TheSpeaker'sStudioApp\app\build\intermediates\classes\debug E:\lib\AndroidStudioProjects\TheSpeaker'sStudioApp\app\build\intermediates\exploded-aar\com.android.support\cardview-v7\23.0.1\jars\classes.jar E:\Android\Sdk\extras\android\m2repository\com\android\support\support-annotations\23.1.1\support-annotations-23.1.1.jar E:\lib\AndroidStudioProjects\TheSpeaker'sStudioApp\app\build\intermediates\exploded-aar\com.google.android.gms\play-services-base\8.4.0\jars\classes.jar E:\lib\AndroidStudioProjects\TheSpeaker'sStudioApp\app\build\intermediates\exploded-aar\com.google.android.gms\play-services-location\8.4.0\jars\classes.jar E:\lib\AndroidStudioProjects\TheSpeaker'sStudioApp\app\build\intermediates\exploded-aar\com.android.support\design\23.1.1\jars\classes.jar E:\lib\AndroidStudioProjects\TheSpeaker'sStudioApp\app\build\intermediates\exploded-aar\com.android.support\recyclerview-v7\23.1.1\jars\classes.jar E:\lib\AndroidStudioProjects\TheSpeaker'sStudioApp\app\build\intermediates\exploded-aar\com.google.android.gms\play-services-maps\8.4.0\jars\classes.jar E:\lib\AndroidStudioProjects\TheSpeaker'sStudioApp\app\build\intermediates\exploded-aar\com.android.support\support-v4\23.1.1\jars\libs\internal_impl-23.1.1.jar E:\lib\AndroidStudioProjects\TheSpeaker'sStudioApp\app\build\intermediates\exploded-aar\com.google.android.gms\play-services-basement\8.4.0\jars\classes.jar E:\lib\AndroidStudioProjects\TheSpeaker'sStudioApp\app\build\intermediates\exploded-aar\com.android.support\appcompat-v7\23.1.1\jars\classes.jar E:\lib\AndroidStudioProjects\TheSpeaker'sStudioApp\app\build\intermediates\exploded-aar\com.android.support\support-v4\23.1.1\jars\classes.jar
Launcher Type: SUN_STANDARD

Environment Variables:
PATH=C:\ProgramData\Oracle\Java\javapath;C:\PROGRAM FILES\BROADCOM\BROADCOM 802.11 NETWORK ADAPTER;C:\WINDOWS\SYSTEM32;C:\WINDOWS;C:\WINDOWS\SYSTEM32\WBEM;C:\WINDOWS\SYSTEM32\WINDOWSPOWERSHELL\V1.0\;C:\PROGRAM FILES\NODEJS\;C:\PROGRAM FILES (X86)\ATI TECHNOLOGIES\ATI.ACE\CORE-STATIC;E:\PROGRAM FILES\MYSQL\MYSQL UTILITIES 1.4.3\;E:\PROGRAM FILES\MYSQL\MYSQL UTILITIES 1.4.3\DOCTRINE EXTENSIONS FOR PHP\;C:\RUBY21-X64\BIN;C:\Program Files\WIDCOMM\Bluetooth Software\;C:\Program Files\WIDCOMM\Bluetooth Software\syswow64;C:\Program Files (x86)\Windows Live\Shared;C:\WINDOWS\system32;C:\WINDOWS\System32\Wbem;C:\WINDOWS\System32\WindowsPowerShell\v1.0\;C:\Program Files (x86)\Heroku\bin;C:\Program Files (x86)\git\cmd;C:\Program Files (x86)\Git\cmd;C:\Program Files (x86)\ATI Technologies\ATI.ACE\Core-Static;C:\Program Files (x86)\NVIDIA Corporation\PhysX\Common;C:\WINDOWS\system32;C:\WINDOWS;C:\WINDOWS\System32\Wbem;C:\WINDOWS\System32\WindowsPowerShell\v1.0\;C:\Users\smcgi_000\AppData\Roaming\npm;C:\Users\smcgi_000\AppData\Local\GitHub\PortableGit_054f2e797ebafd44a30203088cd3d58663c627ef\bin;C:\Program Files\PostgreSQL\9.4\bin;C:\Users\smcgi_000\AppData\Local\Android\sdk\platform-tools;C:\Program Files\Java\jdk1.7.0_40\bin;USERPROFILE\AppData\Local\Microsoft\WindowsApps;
USERNAME=smcgi_000
OS=Windows_NT
PROCESSOR_IDENTIFIER=Intel64 Family 6 Model 58 Stepping 9, GenuineIntel



---------------  S Y S T E M  ---------------

OS: Windows 8 , 64 bit Build 9200 

CPU:total 4 (4 cores per cpu, 1 threads per core) family 6 com.thespeakers_studio.thespeakersstudioapp.model 58 stepping 9, cmov, cx8, fxsr, mmx, sse, sse2, sse3, ssse3, sse4.1, sse4.2, popcnt, avx, aes, erms, tsc, tscinvbit, tscinv

Memory: 4k page, physical 16723776k(7691852k free), swap 21039240k(3464752k free)

vm_info: Java HotSpot(TM) 64-Bit Server VM (24.0-b56) for windows-amd64 JRE (1.7.0_40-b43), built on Aug 26 2013 22:38:32 by "java_re" with unknown MS VC++:1600

time: Thu Jul 21 12:40:30 2016
elapsed time: 2 seconds

