#
# A fatal error has been detected by the Java Runtime Environment:
#
#  EXCEPTION_ACCESS_VIOLATION (0xc0000005) at pc=0x000000005661ddd8, pid=5688, tid=14236
#
# JRE version: Java(TM) SE Runtime Environment (7.0_40-b43) (build 1.7.0_40-b43)
# Java VM: Java HotSpot(TM) 64-Bit Server VM (24.0-b56 mixed mode windows-amd64 compressed oops)
# Problematic frame:
# V  [jvm.dll+0xeddd8]
#
# Failed to write core dump. Minidumps are not enabled by default on client versions of Windows
#
# If you would like to submit a bug report, please visit:
#   http://bugreport.sun.com/bugreport/crash.jsp
#

---------------  T H R E A D  ---------------

Current thread (0x000000000270d800):  GCTaskThread [stack: 0x0000000006940000,0x0000000006a40000] [id=14236]

siginfo: ExceptionCode=0xc0000005, reading address 0x0000000000000018

Registers:
RAX=0x0000000000000000, RBX=0x00000007ccf3dca8, RCX=0x0000000000000003, RDX=0x0004200000000000
RSP=0x0000000006a3f470, RBP=0x00000007ccf3dd9c, RSI=0x000000000f65e1c0, RDI=0x000000000f65e1c0
R8 =0x0000000000000015, R9 =0x0000000000000003, R10=0x0000000000000000, R11=0x000000000000000c
R12=0x00000007ccf3dda8, R13=0x00000006fb2f0d50, R14=0x00000006fb2f0d58, R15=0x00000007ccf3dd90
RIP=0x000000005661ddd8, EFLAGS=0x0000000000010246

Top of Stack: (sp=0x0000000006a3f470)
0x0000000006a3f470:   00000006fb2f0b38 00000007ccf3d6b4
0x0000000006a3f480:   0000000000000003 0000000056703382
0x0000000006a3f490:   0000000000000000 000000000270daa0
0x0000000006a3f4a0:   0000000002707620 0000000000000003
0x0000000006a3f4b0:   0000000000000020 00000000568c27bc
0x0000000006a3f4c0:   000000000ffe0140 00000007ccf3dd90
0x0000000006a3f4d0:   000000000f65e1c0 0000000056aecb20
0x0000000006a3f4e0:   0000000056c83b50 0000000000000005
0x0000000006a3f4f0:   000000000f65e1c0 00000000568c004e
0x0000000006a3f500:   000000070509ae84 000000005661de79
0x0000000006a3f510:   0000000701f436e0 0000000002707620
0x0000000006a3f520:   000000000270dab0 000000000270daa0
0x0000000006a3f530:   0000000056aecb20 0000000000000003
0x0000000006a3f540:   00000000119db350 0000000000000000
0x0000000006a3f550:   000000000f65e1c0 00000000568c0420
0x0000000006a3f560:   000000000ffe00a0 0000000000000000 

Instructions: (pc=0x000000005661ddd8)
0x000000005661ddb8:   82 55 01 00 00 80 3d 74 ce 65 00 00 74 0e 8b 43
0x000000005661ddc8:   08 41 8b c9 48 d3 e0 49 03 c2 eb 04 48 8b 43 08
0x000000005661ddd8:   44 8b 40 18 48 8d 48 10 45 85 c0 7e 0c 41 f6 c0
0x000000005661dde8:   01 75 50 41 c1 f8 03 eb 59 79 48 80 3d 3e ce 65 


Register to memory mapping:

RAX=0x0000000000000000 is an unknown value
RBX=0x00000007ccf3dca8 is an unknown value
RCX=0x0000000000000003 is an unknown value
RDX=0x0004200000000000 is an unknown value
RSP=0x0000000006a3f470 is an unknown value
RBP=0x00000007ccf3dd9c is an unknown value
RSI=0x000000000f65e1c0 is an unknown value
RDI=0x000000000f65e1c0 is an unknown value
R8 =0x0000000000000015 is an unknown value
R9 =0x0000000000000003 is an unknown value
R10=0x0000000000000000 is an unknown value
R11=0x000000000000000c is an unknown value
R12=0x00000007ccf3dda8 is an oop
[Lcom.android.dx.dex.code.CodeAddress; 
 - klass: 'com/android/dx/dex/code/CodeAddress'[]
 - length: 15
R13=0x00000006fb2f0d50 is pointing into object: 0x00000006fb2f0b28
{instance class} 
 - klass: {other class}
R14=0x00000006fb2f0d58 is an oop
{constant pool cache} 
 - klass: {other class}
                 -------------
  0  (0x00000006fb2f0d78)  [00|b7|    1]
                 [   0x00000006fae01fe8]
                 [   0x0000000000000000]
                 [   0xffffffff80000001]
                 -------------
  1  (0x00000006fb2f0d98)  [b6|00|    2]
                 [   0x0000000000000000]
                 [   0x00000006fb272c18]
                 [   0x0000000070500001]
                 -------------
  2  (0x00000006fb2f0db8)  [b6|00|    3]
                 [   0x0000000000000000]
                 [   0x00000006fb22c2e0]
                 [   0x0000000030500001]
                 -------------
  3  (0x00000006fb2f0dd8)  [b5|b4|    5]
                 [   0x0000000705b2f770]
                 [   0x000000000000000c]
                 [   0x0000000074400000]
                 -------------
  4  (0x00000006fb2f0df8)  [b5|b4|    6]
                 [   0x0000000705b2f770]
                 [   0x0000000000000010]
                 [   0x0000000074400001]
                 -------------
  5  (0x00000006fb2f0e18)  [b5|b4|    7]
                 [   0x0000000705b2f770]
                 [   0x0000000000000014]
                 [   0x0000000074400002]
                 -------------
  6  (0x00000006fb2f0e38)  [00|b7|    8]
                 [   0x00000006fb2f0aa8]
                 [   0x0000000000000000]
                 [   0xffffffff80400002]
                 -------------
  7  (0x00000006fb2f0e58)  [b6|00|    9]
                 [   0x0000000000000000]
                 [   0x00000006fb26cfa8]
                 [   0x0000000030500001]
                 -------------
  8  (0x00000006fb2f0e78)  [b6|00|   10]
                 [   0x0000000000000000]
                 [   0x00000006fb1983c0]
                 [   0x0000000030500001]
                 -------------
  9  (0x00000006fb2f0e98)  [b6|00|   11]
                 [   0x0000000000000000]
                 [   0x00000006fb270630]
                 [   0x0000000070500002]
                 -------------
 10  (0x00000006fb2f0eb8)  [b6|00|   12]
                 [   0x0000000000000000]
                 [   0x00000006fb26d080]
                 [   0x0000000070500001]
                 -------------
 11  (0x00000006fb2f0ed8)  [b6|00|   13]
                 [   0x0000000000000000]
                 [   0x00000006fb252d60]
                 [   0x0000000070500002]
                 -------------
 12  (0x00000006fb2f0ef8)  [b6|00|   14]
                 [   0x0000000000000000]
                 [   0x00000006fb215310]
                 [   0x0000000070500001]
                 -------------
 13  (0x00000006fb2f0f18)  [00|b7|   15]
                 [   0x00000006fb2eb520]
                 [   0x0000000000000000]
                 [   0xffffffff80400002]
                 -------------
 14  (0x00000006fb2f0f38)  [b6|00|   16]
                 [   0x0000000000000000]
                 [   0x00000006fb26d520]
                 [   0x0000000070500001]
                 -------------
R15=0x00000007ccf3dd90 is an oop
com.android.dx.dex.code.BlockAddresses 
 - klass: 'com/android/dx/dex/code/BlockAddresses'


Stack: [0x0000000006940000,0x0000000006a40000],  sp=0x0000000006a3f470,  free space=1021k
Native frames: (J=compiled Java code, j=interpreted, Vv=VM code, C=native code)
V  [jvm.dll+0xeddd8]


---------------  P R O C E S S  ---------------

Java Threads: ( => current thread )
  0x000000001125f000 JavaThread "pool-2-thread-4" [_thread_blocked, id=12564, stack(0x0000000011850000,0x0000000011950000)]
  0x000000001124d800 JavaThread "pool-2-thread-3" [_thread_blocked, id=12948, stack(0x0000000011750000,0x0000000011850000)]
  0x000000001124c800 JavaThread "pool-2-thread-2" [_thread_blocked, id=2864, stack(0x0000000011650000,0x0000000011750000)]
  0x00000000111fd000 JavaThread "pool-3-thread-1" [_thread_blocked, id=12292, stack(0x0000000011550000,0x0000000011650000)]
  0x0000000011053000 JavaThread "pool-2-thread-1" [_thread_blocked, id=16300, stack(0x0000000011450000,0x0000000011550000)]
  0x000000000f6f2000 JavaThread "Service Thread" daemon [_thread_blocked, id=11524, stack(0x0000000010e50000,0x0000000010f50000)]
  0x000000000f6dd800 JavaThread "C2 CompilerThread1" daemon [_thread_blocked, id=11668, stack(0x0000000010d50000,0x0000000010e50000)]
  0x000000000f6db800 JavaThread "C2 CompilerThread0" daemon [_thread_blocked, id=10928, stack(0x0000000010c50000,0x0000000010d50000)]
  0x000000000f6da800 JavaThread "Attach Listener" daemon [_thread_blocked, id=1240, stack(0x0000000010b50000,0x0000000010c50000)]
  0x000000000f6d7800 JavaThread "Signal Dispatcher" daemon [_thread_blocked, id=1656, stack(0x0000000010a50000,0x0000000010b50000)]
  0x000000000f6ae000 JavaThread "Finalizer" daemon [_thread_blocked, id=3320, stack(0x0000000010950000,0x0000000010a50000)]
  0x000000000f6a3000 JavaThread "Reference Handler" daemon [_thread_blocked, id=5792, stack(0x0000000010850000,0x0000000010950000)]
  0x00000000026ee000 JavaThread "main" [_thread_blocked, id=12600, stack(0x00000000025e0000,0x00000000026e0000)]

Other Threads:
  0x000000000f6a1000 VMThread [stack: 0x0000000010750000,0x0000000010850000] [id=10340]
  0x000000000f6fc800 WatcherThread [stack: 0x0000000010f50000,0x0000000011050000] [id=15560]

=>0x000000000270d800 (exited) GCTaskThread [stack: 0x0000000006940000,0x0000000006a40000] [id=14236]

VM state:at safepoint (normal execution)

VM Mutex/Monitor currently owned by a thread:  ([mutex/lock_event])
[0x00000000026ed090] Threads_lock - owner thread: 0x000000000f6a1000
[0x00000000026ed590] Heap_lock - owner thread: 0x000000001124d800

Heap
 PSYoungGen      total 583680K, used 63461K [0x00000007aaa80000, 0x00000007f7880000, 0x0000000800000000)
  eden space 520192K, 0% used [0x00000007aaa80000,0x00000007aaa80000,0x00000007ca680000)
  from space 63488K, 99% used [0x00000007ca680000,0x00000007ce479480,0x00000007ce480000)
  to   space 109568K, 0% used [0x00000007f0d80000,0x00000007f0d80000,0x00000007f7880000)
 ParOldGen       total 174080K, used 161587K [0x0000000700000000, 0x000000070aa00000, 0x00000007aaa80000)
  object space 174080K, 92% used [0x0000000700000000,0x0000000709dccdd8,0x000000070aa00000)
 PSPermGen       total 21504K, used 6025K [0x00000006fae00000, 0x00000006fc300000, 0x0000000700000000)
  object space 21504K, 28% used [0x00000006fae00000,0x00000006fb3e2770,0x00000006fc300000)

Card table byte_map: [0x00000000058b0000,0x00000000060e0000] byte_map_base: 0x00000000020d9000

Polling page: 0x0000000000930000

Code Cache  [0x00000000027f0000, 0x0000000002c10000, 0x00000000057f0000)
 total_blobs=1251 nmethods=1015 adapters=188 free_code_cache=45099Kb largest_free_block=46068416

Compilation events (10 events):
Event: 4.542 Thread 0x000000000f6dd800 1032             com.android.dx.ssa.LiteralOpUpgrader$1::visitNonMoveInsn (203 bytes)
Event: 4.544 Thread 0x000000000f6db800 1033             com.android.dx.rop.code.Rop::<init> (15 bytes)
Event: 4.545 Thread 0x000000000f6db800 nmethod 1033 0x0000000002b3d890 code [0x0000000002b3d9e0, 0x0000000002b3daf8]
Event: 4.555 Thread 0x000000000f6dd800 nmethod 1032 0x0000000002aa1d10 code [0x0000000002aa2040, 0x0000000002aa3068]
Event: 4.557 Thread 0x000000000f6db800 1034             com.android.dx.rop.code.LocalItem::getName (5 bytes)
Event: 4.558 Thread 0x000000000f6dd800 1035             com.android.dx.dex.code.OutputFinisher::hasLocalInfo (20 bytes)
Event: 4.558 Thread 0x000000000f6db800 nmethod 1034 0x0000000002b3d690 code [0x0000000002b3d7c0, 0x0000000002b3d838]
Event: 4.558 Thread 0x000000000f6dd800 nmethod 1035 0x0000000002b3d410 code [0x0000000002b3d540, 0x0000000002b3d5b8]
Event: 4.589 Thread 0x000000000f6db800 1036  s          com.android.dx.dex.file.FieldIdsSection::intern (55 bytes)
Event: 4.595 Thread 0x000000000f6db800 nmethod 1036 0x0000000002bbf3d0 code [0x0000000002bbf580, 0x0000000002bbfd90]

GC Heap History (10 events):
Event: 2.355 GC heap after
Heap after GC invocations=3 (full 0):
 PSYoungGen      total 142848K, used 10750K [0x00000007aaa80000, 0x00000007bc180000, 0x0000000800000000)
  eden space 132096K, 0% used [0x00000007aaa80000,0x00000007aaa80000,0x00000007b2b80000)
  from space 10752K, 99% used [0x00000007b2b80000,0x00000007b35ffaa0,0x00000007b3600000)
  to   space 10752K, 0% used [0x00000007bb700000,0x00000007bb700000,0x00000007bc180000)
 ParOldGen       total 174080K, used 31899K [0x0000000700000000, 0x000000070aa00000, 0x00000007aaa80000)
  object space 174080K, 18% used [0x0000000700000000,0x0000000701f26da8,0x000000070aa00000)
 PSPermGen       total 21504K, used 5870K [0x00000006fae00000, 0x00000006fc300000, 0x0000000700000000)
  object space 21504K, 27% used [0x00000006fae00000,0x00000006fb3bb8b8,0x00000006fc300000)
}
Event: 2.663 GC heap before
{Heap before GC invocations=4 (full 0):
 PSYoungGen      total 142848K, used 142846K [0x00000007aaa80000, 0x00000007bc180000, 0x0000000800000000)
  eden space 132096K, 100% used [0x00000007aaa80000,0x00000007b2b80000,0x00000007b2b80000)
  from space 10752K, 99% used [0x00000007b2b80000,0x00000007b35ffaa0,0x00000007b3600000)
  to   space 10752K, 0% used [0x00000007bb700000,0x00000007bb700000,0x00000007bc180000)
 ParOldGen       total 174080K, used 31899K [0x0000000700000000, 0x000000070aa00000, 0x00000007aaa80000)
  object space 174080K, 18% used [0x0000000700000000,0x0000000701f26da8,0x000000070aa00000)
 PSPermGen       total 21504K, used 5928K [0x00000006fae00000, 0x00000006fc300000, 0x0000000700000000)
  object space 21504K, 27% used [0x00000006fae00000,0x00000006fb3ca028,0x00000006fc300000)
Event: 2.690 GC heap after
Heap after GC invocations=4 (full 0):
 PSYoungGen      total 274944K, used 10731K [0x00000007aaa80000, 0x00000007bc180000, 0x0000000800000000)
  eden space 264192K, 0% used [0x00000007aaa80000,0x00000007aaa80000,0x00000007bac80000)
  from space 10752K, 99% used [0x00000007bb700000,0x00000007bc17ad48,0x00000007bc180000)
  to   space 10752K, 0% used [0x00000007bac80000,0x00000007bac80000,0x00000007bb700000)
 ParOldGen       total 174080K, used 49774K [0x0000000700000000, 0x000000070aa00000, 0x00000007aaa80000)
  object space 174080K, 28% used [0x0000000700000000,0x000000070309b870,0x000000070aa00000)
 PSPermGen       total 21504K, used 5928K [0x00000006fae00000, 0x00000006fc300000, 0x0000000700000000)
  object space 21504K, 27% used [0x00000006fae00000,0x00000006fb3ca028,0x00000006fc300000)
}
Event: 3.308 GC heap before
{Heap before GC invocations=5 (full 0):
 PSYoungGen      total 274944K, used 274923K [0x00000007aaa80000, 0x00000007bc180000, 0x0000000800000000)
  eden space 264192K, 100% used [0x00000007aaa80000,0x00000007bac80000,0x00000007bac80000)
  from space 10752K, 99% used [0x00000007bb700000,0x00000007bc17ad48,0x00000007bc180000)
  to   space 10752K, 0% used [0x00000007bac80000,0x00000007bac80000,0x00000007bb700000)
 ParOldGen       total 174080K, used 49774K [0x0000000700000000, 0x000000070aa00000, 0x00000007aaa80000)
  object space 174080K, 28% used [0x0000000700000000,0x000000070309b870,0x000000070aa00000)
 PSPermGen       total 21504K, used 5959K [0x00000006fae00000, 0x00000006fc300000, 0x0000000700000000)
  object space 21504K, 27% used [0x00000006fae00000,0x00000006fb3d1fc0,0x00000006fc300000)
Event: 3.368 GC heap after
Heap after GC invocations=5 (full 0):
 PSYoungGen      total 274944K, used 10726K [0x00000007aaa80000, 0x00000007d1a80000, 0x0000000800000000)
  eden space 264192K, 0% used [0x00000007aaa80000,0x00000007aaa80000,0x00000007bac80000)
  from space 10752K, 99% used [0x00000007bac80000,0x00000007bb6f98b0,0x00000007bb700000)
  to   space 55296K, 0% used [0x00000007ce480000,0x00000007ce480000,0x00000007d1a80000)
 ParOldGen       total 174080K, used 92265K [0x0000000700000000, 0x000000070aa00000, 0x00000007aaa80000)
  object space 174080K, 53% used [0x0000000700000000,0x0000000705a1a6f8,0x000000070aa00000)
 PSPermGen       total 21504K, used 5959K [0x00000006fae00000, 0x00000006fc300000, 0x0000000700000000)
  object space 21504K, 27% used [0x00000006fae00000,0x00000006fb3d1fc0,0x00000006fc300000)
}
Event: 3.730 GC heap before
{Heap before GC invocations=6 (full 0):
 PSYoungGen      total 274944K, used 274918K [0x00000007aaa80000, 0x00000007d1a80000, 0x0000000800000000)
  eden space 264192K, 100% used [0x00000007aaa80000,0x00000007bac80000,0x00000007bac80000)
  from space 10752K, 99% used [0x00000007bac80000,0x00000007bb6f98b0,0x00000007bb700000)
  to   space 55296K, 0% used [0x00000007ce480000,0x00000007ce480000,0x00000007d1a80000)
 ParOldGen       total 174080K, used 92265K [0x0000000700000000, 0x000000070aa00000, 0x00000007aaa80000)
  object space 174080K, 53% used [0x0000000700000000,0x0000000705a1a6f8,0x000000070aa00000)
 PSPermGen       total 21504K, used 5985K [0x00000006fae00000, 0x00000006fc300000, 0x0000000700000000)
  object space 21504K, 27% used [0x00000006fae00000,0x00000006fb3d86e8,0x00000006fc300000)
Event: 3.794 GC heap after
Heap after GC invocations=6 (full 0):
 PSYoungGen      total 575488K, used 51694K [0x00000007aaa80000, 0x00000007d2a80000, 0x0000000800000000)
  eden space 520192K, 0% used [0x00000007aaa80000,0x00000007aaa80000,0x00000007ca680000)
  from space 55296K, 93% used [0x00000007ce480000,0x00000007d16fba58,0x00000007d1a80000)
  to   space 63488K, 0% used [0x00000007ca680000,0x00000007ca680000,0x00000007ce480000)
 ParOldGen       total 174080K, used 92265K [0x0000000700000000, 0x000000070aa00000, 0x00000007aaa80000)
  object space 174080K, 53% used [0x0000000700000000,0x0000000705a1a6f8,0x000000070aa00000)
 PSPermGen       total 21504K, used 5985K [0x00000006fae00000, 0x00000006fc300000, 0x0000000700000000)
  object space 21504K, 27% used [0x00000006fae00000,0x00000006fb3d86e8,0x00000006fc300000)
}
Event: 4.607 GC heap before
{Heap before GC invocations=7 (full 0):
 PSYoungGen      total 575488K, used 571886K [0x00000007aaa80000, 0x00000007d2a80000, 0x0000000800000000)
  eden space 520192K, 100% used [0x00000007aaa80000,0x00000007ca680000,0x00000007ca680000)
  from space 55296K, 93% used [0x00000007ce480000,0x00000007d16fba58,0x00000007d1a80000)
  to   space 63488K, 0% used [0x00000007ca680000,0x00000007ca680000,0x00000007ce480000)
 ParOldGen       total 174080K, used 92265K [0x0000000700000000, 0x000000070aa00000, 0x00000007aaa80000)
  object space 174080K, 53% used [0x0000000700000000,0x0000000705a1a6f8,0x000000070aa00000)
 PSPermGen       total 21504K, used 6025K [0x00000006fae00000, 0x00000006fc300000, 0x0000000700000000)
  object space 21504K, 28% used [0x00000006fae00000,0x00000006fb3e2770,0x00000006fc300000)
Event: 4.766 GC heap after
Heap after GC invocations=7 (full 0):
 PSYoungGen      total 583680K, used 63461K [0x00000007aaa80000, 0x00000007f7880000, 0x0000000800000000)
  eden space 520192K, 0% used [0x00000007aaa80000,0x00000007aaa80000,0x00000007ca680000)
  from space 63488K, 99% used [0x00000007ca680000,0x00000007ce479480,0x00000007ce480000)
  to   space 109568K, 0% used [0x00000007f0d80000,0x00000007f0d80000,0x00000007f7880000)
 ParOldGen       total 174080K, used 161587K [0x0000000700000000, 0x000000070aa00000, 0x00000007aaa80000)
  object space 174080K, 92% used [0x0000000700000000,0x0000000709dccdd8,0x000000070aa00000)
 PSPermGen       total 21504K, used 6025K [0x00000006fae00000, 0x00000006fc300000, 0x0000000700000000)
  object space 21504K, 28% used [0x00000006fae00000,0x00000006fb3e2770,0x00000006fc300000)
}
Event: 4.766 GC heap before
{Heap before GC invocations=8 (full 1):
 PSYoungGen      total 583680K, used 63461K [0x00000007aaa80000, 0x00000007f7880000, 0x0000000800000000)
  eden space 520192K, 0% used [0x00000007aaa80000,0x00000007aaa80000,0x00000007ca680000)
  from space 63488K, 99% used [0x00000007ca680000,0x00000007ce479480,0x00000007ce480000)
  to   space 109568K, 0% used [0x00000007f0d80000,0x00000007f0d80000,0x00000007f7880000)
 ParOldGen       total 174080K, used 161587K [0x0000000700000000, 0x000000070aa00000, 0x00000007aaa80000)
  object space 174080K, 92% used [0x0000000700000000,0x0000000709dccdd8,0x000000070aa00000)
 PSPermGen       total 21504K, used 6025K [0x00000006fae00000, 0x00000006fc300000, 0x0000000700000000)
  object space 21504K, 28% used [0x00000006fae00000,0x00000006fb3e2770,0x00000006fc300000)

Deoptimization events (10 events):
Event: 3.808 Thread 0x000000001124d800 Uncommon trap: reason=class_check action=maybe_recompile pc=0x00000000028c7af4 method=com.android.dx.ssa.SCCP.simulateBranch(Lcom/android/dx/ssa/SsaInsn;)V @ 145
Event: 3.853 Thread 0x0000000011053000 Uncommon trap: reason=bimorphic action=maybe_recompile pc=0x000000000295197c method=com.android.dx.ssa.LiteralOpUpgrader.tryReplacingWithConstant(Lcom/android/dx/ssa/NormalSsaInsn;)Z @ 62
Event: 3.855 Thread 0x0000000011053000 Uncommon trap: reason=bimorphic action=maybe_recompile pc=0x000000000295f00c method=com.android.dx.ssa.LiteralOpUpgrader.tryReplacingWithConstant(Lcom/android/dx/ssa/NormalSsaInsn;)Z @ 62
Event: 3.857 Thread 0x00000000026ee000 Uncommon trap: reason=bimorphic action=maybe_recompile pc=0x00000000029660a0 method=com.android.dx.ssa.LiteralOpUpgrader.tryReplacingWithConstant(Lcom/android/dx/ssa/NormalSsaInsn;)Z @ 62
Event: 4.278 Thread 0x000000001124d800 Uncommon trap: reason=bimorphic action=maybe_recompile pc=0x0000000002b70fc0 method=com.android.dx.cf.code.BytecodeArray.parseInstruction(ILcom/android/dx/cf/code/BytecodeArray$Visitor;)I @ 1549
Event: 4.278 Thread 0x000000001124d800 Uncommon trap: reason=bimorphic action=maybe_recompile pc=0x0000000002b70fc0 method=com.android.dx.cf.code.BytecodeArray.parseInstruction(ILcom/android/dx/cf/code/BytecodeArray$Visitor;)I @ 1549
Event: 4.281 Thread 0x000000001124d800 Uncommon trap: reason=class_check action=maybe_recompile pc=0x00000000029ce1ac method=com.android.dx.ssa.LiteralOpUpgrader.isConstIntZeroOrKnownNull(Lcom/android/dx/rop/code/RegisterSpec;)Z @ 13
Event: 4.522 Thread 0x000000001125f000 Uncommon trap: reason=class_check action=maybe_recompile pc=0x00000000029ce1ac method=com.android.dx.ssa.LiteralOpUpgrader.isConstIntZeroOrKnownNull(Lcom/android/dx/rop/code/RegisterSpec;)Z @ 13
Event: 4.537 Thread 0x0000000011053000 Uncommon trap: reason=class_check action=maybe_recompile pc=0x00000000029ce1ac method=com.android.dx.ssa.LiteralOpUpgrader.isConstIntZeroOrKnownNull(Lcom/android/dx/rop/code/RegisterSpec;)Z @ 13
Event: 4.537 Thread 0x0000000011053000 Uncommon trap: reason=class_check action=maybe_recompile pc=0x00000000029ce1ac method=com.android.dx.ssa.LiteralOpUpgrader.isConstIntZeroOrKnownNull(Lcom/android/dx/rop/code/RegisterSpec;)Z @ 13

Internal exceptions (10 events):
Event: 0.817 Thread 0x00000000026ee000 Threw 0x00000007ae02fbd0 at C:\jdk7u2_64p\jdk7u40\hotspot\src\share\vm\prims\jvm.cpp:1244
Event: 1.027 Thread 0x0000000011053000 Threw 0x00000007abbc42f0 at C:\jdk7u2_64p\jdk7u40\hotspot\src\share\vm\prims\jvm.cpp:1244
Event: 1.295 Thread 0x0000000011053000 Implicit null exception at 0x000000000294d126 to 0x000000000294dac9
Event: 1.296 Thread 0x0000000011053000 Implicit null exception at 0x00000000028d69a3 to 0x00000000028d7809
Event: 1.812 Thread 0x00000000026ee000 Threw 0x00000007aca549c8 at C:\jdk7u2_64p\jdk7u40\hotspot\src\share\vm\prims\jvm.cpp:1244
Event: 2.507 Thread 0x0000000011053000 Implicit null exception at 0x0000000002aac375 to 0x0000000002aaca45
Event: 3.257 Thread 0x00000000026ee000 Threw 0x00000007b9079b88 at C:\jdk7u2_64p\jdk7u40\hotspot\src\share\vm\prims\jvm.cpp:1244
Event: 3.284 Thread 0x000000001124d800 Implicit null exception at 0x0000000002a855a9 to 0x0000000002a86005
Event: 3.306 Thread 0x00000000026ee000 Implicit null exception at 0x0000000002aca124 to 0x0000000002acd049
Event: 3.980 Thread 0x000000001124c800 Threw 0x00000007afc41828 at C:\jdk7u2_64p\jdk7u40\hotspot\src\share\vm\prims\jvm.cpp:1244

Events (10 events):
Event: 4.522 Thread 0x000000001125f000 Uncommon trap: trap_request=0xffffffde fr.pc=0x00000000029ce1ac
Event: 4.522 Thread 0x000000001125f000 DEOPT PACKING pc=0x00000000029ce1ac sp=0x000000001194f1b0
Event: 4.522 Thread 0x000000001125f000 DEOPT UNPACKING pc=0x00000000028275a4 sp=0x000000001194f090 mode 2
Event: 4.537 Thread 0x0000000011053000 Uncommon trap: trap_request=0xffffffde fr.pc=0x00000000029ce1ac
Event: 4.537 Thread 0x0000000011053000 DEOPT PACKING pc=0x00000000029ce1ac sp=0x000000001154ee80
Event: 4.537 Thread 0x0000000011053000 DEOPT UNPACKING pc=0x00000000028275a4 sp=0x000000001154ed60 mode 2
Event: 4.537 Thread 0x0000000011053000 Uncommon trap: trap_request=0xffffffde fr.pc=0x00000000029ce1ac
Event: 4.538 Thread 0x0000000011053000 DEOPT PACKING pc=0x00000000029ce1ac sp=0x000000001154ee80
Event: 4.538 Thread 0x0000000011053000 DEOPT UNPACKING pc=0x00000000028275a4 sp=0x000000001154ed60 mode 2
Event: 4.607 Executing VM operation: ParallelGCFailedAllocation


Dynamic libraries:
0x00007ff734ca0000 - 0x00007ff734cd3000 	C:\Program Files\Java\jdk1.7.0_40\bin\java.exe
0x00007ffa53ae0000 - 0x00007ffa53cb1000 	C:\WINDOWS\SYSTEM32\ntdll.dll
0x00007ffa51240000 - 0x00007ffa512eb000 	C:\WINDOWS\System32\KERNEL32.DLL
0x00007ffa50e50000 - 0x00007ffa5106d000 	C:\WINDOWS\System32\KERNELBASE.dll
0x00007ffa53890000 - 0x00007ffa53932000 	C:\WINDOWS\System32\ADVAPI32.dll
0x00007ffa511a0000 - 0x00007ffa5123e000 	C:\WINDOWS\System32\msvcrt.dll
0x00007ffa53820000 - 0x00007ffa53879000 	C:\WINDOWS\System32\sechost.dll
0x00007ffa53940000 - 0x00007ffa53a61000 	C:\WINDOWS\System32\RPCRT4.dll
0x00007ffa533d0000 - 0x00007ffa53535000 	C:\WINDOWS\System32\USER32.dll
0x0000000058b10000 - 0x0000000058b2e000 	C:\WINDOWS\System32\win32u.dll
0x00007ffa52f60000 - 0x00007ffa52f94000 	C:\WINDOWS\System32\GDI32.dll
0x00007ffa50140000 - 0x00007ffa502c2000 	C:\WINDOWS\System32\gdi32full.dll
0x00007ffa4bf90000 - 0x00007ffa4c209000 	C:\WINDOWS\WinSxS\amd64_microsoft.windows.common-controls_6595b64144ccf1df_6.0.14393.0_none_2d0f50fcbdb171b8\COMCTL32.dll
0x00007ffa53540000 - 0x00007ffa53807000 	C:\WINDOWS\System32\combase.dll
0x00007ffa50a10000 - 0x00007ffa50b05000 	C:\WINDOWS\System32\ucrtbase.dll
0x00007ffa50b60000 - 0x00007ffa50bca000 	C:\WINDOWS\System32\bcryptPrimitives.dll
0x00007ffa51070000 - 0x00007ffa5109e000 	C:\WINDOWS\System32\IMM32.DLL
0x0000000056d00000 - 0x0000000056dd1000 	C:\Program Files\Java\jdk1.7.0_40\jre\bin\msvcr100.dll
0x0000000056530000 - 0x0000000056cf9000 	C:\Program Files\Java\jdk1.7.0_40\jre\bin\server\jvm.dll
0x00007ffa51410000 - 0x00007ffa51418000 	C:\WINDOWS\System32\PSAPI.DLL
0x00007ffa45380000 - 0x00007ffa45389000 	C:\WINDOWS\SYSTEM32\WSOCK32.dll
0x00007ffa4e3b0000 - 0x00007ffa4e3d3000 	C:\WINDOWS\SYSTEM32\WINMM.dll
0x00007ffa53a70000 - 0x00007ffa53ada000 	C:\WINDOWS\System32\WS2_32.dll
0x00007ffa4e350000 - 0x00007ffa4e37b000 	C:\WINDOWS\SYSTEM32\WINMMBASE.dll
0x00007ffa50b10000 - 0x00007ffa50b52000 	C:\WINDOWS\System32\cfgmgr32.dll
0x0000000056520000 - 0x000000005652f000 	C:\Program Files\Java\jdk1.7.0_40\jre\bin\verify.dll
0x00000000564f0000 - 0x0000000056518000 	C:\Program Files\Java\jdk1.7.0_40\jre\bin\java.dll
0x00000000564d0000 - 0x00000000564e5000 	C:\Program Files\Java\jdk1.7.0_40\jre\bin\zip.dll
0x00000000564b0000 - 0x00000000564c9000 	C:\Program Files\Java\jdk1.7.0_40\jre\bin\net.dll
0x00007ffa4f930000 - 0x00007ffa4f98c000 	C:\WINDOWS\system32\mswsock.dll
0x0000000056490000 - 0x00000000564a1000 	C:\Program Files\Java\jdk1.7.0_40\jre\bin\nio.dll
0x00007ffa48fa0000 - 0x00007ffa49132000 	C:\WINDOWS\SYSTEM32\dbghelp.dll

VM Arguments:
jvm_args: -Djava.awt.headless=true -Xmx4g -Dfile.encoding=windows-1252 -Duser.country=US -Duser.language=en -Duser.variant 
java_command: com.android.dx.command.Main --dex --num-threads=4 --multi-dex --main-dex-list E:\lib\AndroidStudioProjects\TheSpeaker'sStudioApp\app\build\intermediates\multi-dex\debug\maindexlist.txt --output E:\lib\AndroidStudioProjects\TheSpeaker'sStudioApp\app\build\intermediates\transforms\dex\debug\folders\1000\1f\main E:\lib\AndroidStudioProjects\TheSpeaker'sStudioApp\app\build\intermediates\transforms\jarMerging\debug\jars\1\1f\combined.jar
Launcher Type: SUN_STANDARD

Environment Variables:
PATH=C:\ProgramData\Oracle\Java\javapath;C:\PROGRAM FILES\BROADCOM\BROADCOM 802.11 NETWORK ADAPTER;C:\WINDOWS\SYSTEM32;C:\WINDOWS;C:\WINDOWS\SYSTEM32\WBEM;C:\WINDOWS\SYSTEM32\WINDOWSPOWERSHELL\V1.0\;C:\PROGRAM FILES\NODEJS\;C:\PROGRAM FILES (X86)\ATI TECHNOLOGIES\ATI.ACE\CORE-STATIC;E:\PROGRAM FILES\MYSQL\MYSQL UTILITIES 1.4.3\;E:\PROGRAM FILES\MYSQL\MYSQL UTILITIES 1.4.3\DOCTRINE EXTENSIONS FOR PHP\;C:\RUBY21-X64\BIN;C:\Program Files\WIDCOMM\Bluetooth Software\;C:\Program Files\WIDCOMM\Bluetooth Software\syswow64;C:\Program Files (x86)\Windows Live\Shared;C:\WINDOWS\system32;C:\WINDOWS\System32\Wbem;C:\WINDOWS\System32\WindowsPowerShell\v1.0\;C:\Program Files (x86)\Heroku\bin;C:\Program Files (x86)\git\cmd;C:\Program Files (x86)\Git\cmd;C:\Program Files (x86)\ATI Technologies\ATI.ACE\Core-Static;C:\Program Files (x86)\NVIDIA Corporation\PhysX\Common;C:\WINDOWS\system32;C:\WINDOWS;C:\WINDOWS\System32\Wbem;C:\WINDOWS\System32\WindowsPowerShell\v1.0\;C:\Users\smcgi_000\AppData\Roaming\npm;C:\Users\smcgi_000\AppData\Local\GitHub\PortableGit_054f2e797ebafd44a30203088cd3d58663c627ef\bin;C:\Program Files\PostgreSQL\9.4\bin;C:\Users\smcgi_000\AppData\Local\Android\sdk\platform-tools;C:\Program Files\Java\jdk1.7.0_40\bin;USERPROFILE\AppData\Local\Microsoft\WindowsApps;
USERNAME=smcgi_000
OS=Windows_NT
PROCESSOR_IDENTIFIER=Intel64 Family 6 Model 58 Stepping 9, GenuineIntel



---------------  S Y S T E M  ---------------

OS: Windows 8 , 64 bit Build 9200 

CPU:total 4 (4 cores per cpu, 1 threads per core) family 6 model 58 stepping 9, cmov, cx8, fxsr, mmx, sse, sse2, sse3, ssse3, sse4.1, sse4.2, popcnt, avx, aes, erms, tsc, tscinvbit, tscinv

Memory: 4k page, physical 16723776k(6478672k free), swap 19738432k(3964200k free)

vm_info: Java HotSpot(TM) 64-Bit Server VM (24.0-b56) for windows-amd64 JRE (1.7.0_40-b43), built on Aug 26 2013 22:38:32 by "java_re" with unknown MS VC++:1600

time: Thu Aug 11 17:01:15 2016
elapsed time: 4 seconds

