#
# A fatal error has been detected by the Java Runtime Environment:
#
#  EXCEPTION_ACCESS_VIOLATION (0xc0000005) at pc=0x000000005661ddaf, pid=16152, tid=12372
#
# JRE version: Java(TM) SE Runtime Environment (7.0_40-b43) (build 1.7.0_40-b43)
# Java VM: Java HotSpot(TM) 64-Bit Server VM (24.0-b56 mixed mode windows-amd64 compressed oops)
# Problematic frame:
# V  [jvm.dll+0xeddaf]
#
# Failed to write core dump. Minidumps are not enabled by default on client versions of Windows
#
# If you would like to submit a bug report, please visit:
#   http://bugreport.sun.com/bugreport/crash.jsp
#

---------------  T H R E A D  ---------------

Current thread (0x0000000002aba800):  GCTaskThread [stack: 0x0000000006b30000,0x0000000006c30000] [id=12372]

siginfo: ExceptionCode=0xc0000005, reading address 0xffffffffffffffff

Registers:
RAX=0x0000000006d30000, RBX=0x0000000400720068, RCX=0x0000000000000000, RDX=0x007ffffffe82c900
RSP=0x0000000006c2f450, RBP=0x0000000704c6a444, RSI=0x0000000000000003, RDI=0x0000000002b9ee00
R8 =0x000000000000000d, R9 =0x0000000000000003, R10=0x0000000000000000, R11=0x000000000000000c
R12=0x0000000704c6a448, R13=0x00000006fb327e60, R14=0x00000006fb327e68, R15=0x0000000704c6a420
RIP=0x000000005661ddaf, EFLAGS=0x0000000000010202

Top of Stack: (sp=0x0000000006c2f450)
0x0000000006c2f450:   0000000704c6a448 0000000704c6a438
0x0000000006c2f460:   0000000000000003 0000000002b9ee00
0x0000000006c2f470:   0000000000000000 0000000002abafb0
0x0000000006c2f480:   0000000002ab7440 0000000000000002
0x0000000006c2f490:   000000000000006f 00000000568c27bc
0x0000000006c2f4a0:   00000000101df3b8 0000000704c6a420
0x0000000006c2f4b0:   0000000002b9ee00 0000000056aecb20
0x0000000006c2f4c0:   0000000056c83b50 0000000000000005
0x0000000006c2f4d0:   0000000708d7ea58 00000000568c004e
0x0000000006c2f4e0:   0000000705b389bc 000000005661de79
0x0000000006c2f4f0:   0000000702378b88 0000000002ab7440
0x0000000006c2f500:   0000000002abafc0 0000000002abafb0
0x0000000006c2f510:   0000000056aecb20 0000000000000002
0x0000000006c2f520:   000000001379ff30 0000000000000000
0x0000000006c2f530:   0000000002b9ee00 00000000568c0420
0x0000000006c2f540:   00000000101df210 0000000000000000 

Instructions: (pc=0x000000005661ddaf)
0x000000005661dd8f:   15 bc 5d 66 00 48 c1 ea 03 48 d3 ea 0f b6 c2 48
0x000000005661dd9f:   c1 ea 06 24 3f 44 0f b6 c0 48 8b 05 d1 5d 66 00
0x000000005661ddaf:   48 8b 14 d0 4c 0f a3 c2 0f 82 55 01 00 00 80 3d
0x000000005661ddbf:   74 ce 65 00 00 74 0e 8b 43 08 41 8b c9 48 d3 e0 


Register to memory mapping:

RAX=0x0000000006d30000 is an unknown value
RBX=0x0000000400720068 is an unknown value
RCX=0x0000000000000000 is an unknown value
RDX=0x007ffffffe82c900 is an unknown value
RSP=0x0000000006c2f450 is an unknown value
RBP=0x0000000704c6a444 is pointing into object: 0x0000000704c6a420
com.android.dx.dex.code.CstInsn 
 - klass: 'com/android/dx/dex/code/CstInsn'
RSI=0x0000000000000003 is an unknown value
RDI=0x0000000002b9ee00 is an unknown value
R8 =0x000000000000000d is an unknown value
R9 =0x0000000000000003 is an unknown value
R10=0x0000000000000000 is an unknown value
R11=0x000000000000000c is an unknown value
R12=0x0000000704c6a448 is an oop
com.android.dx.rop.code.RegisterSpecList 
 - klass: 'com/android/dx/rop/code/RegisterSpecList'
R13=0x00000006fb327e60 is pointing into object: 0x00000006fb327bd0
{instance class} 
 - klass: {other class}
R14=0x00000006fb327e68 is an oop
{constant pool} 
 - klass: {other class}
 - holder: 0x00000006fb3286f0
 - cache: 0x00000006fb349838
 -   1 :  : klass_index=40 name_and_type_index=41
 -   2 :  : klass_index=11 name_and_type_index=42
 -   3 :  : klass_index=7 name_and_type_index=43
 -   4 :  : klass_index=7 name_and_type_index=44
 -   5 :  : klass_index=45 name_and_type_index=46
 -   6 :  : klass_index=47 name_and_type_index=48
 -   7 :  : 'com/android/dx/dex/code/OddSpacer'
 -   8 :  : klass_index=7 name_and_type_index=50
 -   9 :  : klass_index=7 name_and_type_index=51
 -  10 :  : "nop // spacer" {0xaaa80000}
 -  11 :  : 'com/android/dx/dex/code/VariableSizeInsn' {0xfb2f2ab8}
 -  12 :  : '<init>'
 -  13 :  : '(Lcom/android/dx/rop/code/SourcePosition;)V'
 -  14 :  : 'Code'
 -  15 :  : 'LineNumberTable'
 -  16 :  : 'LocalVariableTable'
 -  17 :  : 'this'
 -  18 :  : 'Lcom/android/dx/dex/code/OddSpacer;'
 -  19 :  : 'position'
 -  20 :  : 'Lcom/android/dx/rop/code/SourcePosition;'
 -  21 :  : 'codeSize'
 -  22 :  : '()I'
 -  23 :  : 'writeTo'
 -  24 :  : '(Lcom/android/dx/util/AnnotatedOutput;)V'
 -  25 :  : 'out'
 -  26 :  : 'Lcom/android/dx/util/AnnotatedOutput;'
 -  27 :  : 'StackMapTable'
 -  28 :  : 'withRegisters'
 -  29 :  : '(Lcom/android/dx/rop/code/RegisterSpecList;)Lcom/android/dx/dex/code/DalvInsn;'
 -  30 :  : 'registers'
 -  31 :  : 'Lcom/android/dx/rop/code/RegisterSpecList;'
 -  32 :  : 'argString'
 -  33 :  : '()Ljava/lang/String;'
 -  34 :  : 'listingString0'
 -  35 :  : '(Z)Ljava/lang/String;'
 -  36 :  : 'noteIndices'
 -  37 :  : 'Z'
 -  38 :  : 'SourceFile'
 -  39 :  : 'OddSpacer.java'
 -  40 :  : 'com/android/dx/rop/code/RegisterSpecList' {0xfb26bcf0}
 -  41 :  : name_index=55 signature_index=31
 -  42 :  : name_index=12 signature_index=56
 -  43 :  : name_index=57 signature_index=22
 -  44 :  : name_index=21 signature_index=22
 -  45 :  : 'com/android/dx/dex/code/InsnFormat'
 -  46 :  : name_index=59 signature_index=60
 -  47 :  : 'com/android/dx/util/AnnotatedOutput'
 -  48 :  : name_index=62 signature_index=63
 -  49 :  : 'com/android/dx/dex/code/OddSpacer'
 -  50 :  : name_index=64 signature_index=65
 -  51 :  : name_index=12 signature_index=13
 -  52 :  : 'nop // spacer'
 -  53 :  : 'com/android/dx/dex/code/VariableSizeInsn'
 -  54 :  : 'com/android/dx/rop/code/RegisterSpecList'
 -  55 :  : 'EMPTY'
 -  56 :  : '(Lcom/android/dx/rop/code/SourcePosition;Lcom/android/dx/rop/code/RegisterSpecList;)V'
 -  57 :  : 'getAddress'
 -  58 :  : 'com/android/dx/dex/code/InsnFormat'
 -  59 :  : 'codeUnit'
 -  60 :  : '(II)S'
 -  61 :  : 'com/android/dx/util/AnnotatedOutput'
 -  62 :  : 'writeShort'
 -  63 :  : '(I)V'
 -  64 :  : 'getPosition'
 -  65 :  : '()Lcom/android/dx/rop/code/SourcePosition;'

R15=0x0000000704c6a420 is an oop
com.android.dx.dex.code.CstInsn 
 - klass: 'com/android/dx/dex/code/CstInsn'


Stack: [0x0000000006b30000,0x0000000006c30000],  sp=0x0000000006c2f450,  free space=1021k
Native frames: (J=compiled Java code, j=interpreted, Vv=VM code, C=native code)
V  [jvm.dll+0xeddaf]


---------------  P R O C E S S  ---------------

Java Threads: ( => current thread )
  0x00000000114d9800 JavaThread "pool-2-thread-4" [_thread_blocked, id=8176, stack(0x0000000011b70000,0x0000000011c70000)]
  0x00000000114d3000 JavaThread "pool-2-thread-3" [_thread_blocked, id=15332, stack(0x0000000011a70000,0x0000000011b70000)]
  0x00000000114d9000 JavaThread "pool-2-thread-2" [_thread_blocked, id=7156, stack(0x0000000011970000,0x0000000011a70000)]
  0x00000000114e5000 JavaThread "pool-3-thread-1" [_thread_blocked, id=15572, stack(0x0000000011870000,0x0000000011970000)]
  0x00000000114e3000 JavaThread "pool-2-thread-1" [_thread_blocked, id=14996, stack(0x0000000011770000,0x0000000011870000)]
  0x000000000f9dd800 JavaThread "Service Thread" daemon [_thread_blocked, id=13128, stack(0x0000000011170000,0x0000000011270000)]
  0x000000000f9d7800 JavaThread "C2 CompilerThread1" daemon [_thread_blocked, id=11700, stack(0x0000000011070000,0x0000000011170000)]
  0x000000000f9d4000 JavaThread "C2 CompilerThread0" daemon [_thread_blocked, id=16088, stack(0x0000000010f70000,0x0000000011070000)]
  0x000000000f9d2800 JavaThread "Attach Listener" daemon [_thread_blocked, id=4124, stack(0x0000000010e70000,0x0000000010f70000)]
  0x000000000f9cf800 JavaThread "Signal Dispatcher" daemon [_thread_blocked, id=4320, stack(0x0000000010d70000,0x0000000010e70000)]
  0x000000000f99e000 JavaThread "Finalizer" daemon [_thread_blocked, id=5604, stack(0x0000000010c70000,0x0000000010d70000)]
  0x000000000f993000 JavaThread "Reference Handler" daemon [_thread_blocked, id=8264, stack(0x0000000010b70000,0x0000000010c70000)]
  0x000000000110e000 JavaThread "main" [_thread_blocked, id=844, stack(0x0000000002920000,0x0000000002a20000)]

Other Threads:
  0x000000000f991000 VMThread [stack: 0x0000000010a70000,0x0000000010b70000] [id=13480]
  0x000000000fa02000 WatcherThread [stack: 0x0000000011270000,0x0000000011370000] [id=4136]

=>0x0000000002aba800 (exited) GCTaskThread [stack: 0x0000000006b30000,0x0000000006c30000] [id=12372]

VM state:at safepoint (normal execution)

VM Mutex/Monitor currently owned by a thread:  ([mutex/lock_event])
[0x000000000110d110] Threads_lock - owner thread: 0x000000000f991000
[0x000000000110d590] Heap_lock - owner thread: 0x00000000114d9000

Heap
 PSYoungGen      total 1068032K, used 65504K [0x00000007aaa80000, 0x00000007f6980000, 0x0000000800000000)
  eden space 1002496K, 0% used [0x00000007aaa80000,0x00000007aaa80048,0x00000007e7d80000)
  from space 65536K, 99% used [0x00000007ee180000,0x00000007f2178308,0x00000007f2180000)
  to   space 102400K, 0% used [0x00000007e7d80000,0x00000007e7d80000,0x00000007ee180000)
 ParOldGen       total 174080K, used 160077K [0x0000000700000000, 0x000000070aa00000, 0x00000007aaa80000)
  object space 174080K, 91% used [0x0000000700000000,0x0000000709c53770,0x000000070aa00000)
 PSPermGen       total 21504K, used 6024K [0x00000006fae00000, 0x00000006fc300000, 0x0000000700000000)
  object space 21504K, 28% used [0x00000006fae00000,0x00000006fb3e2200,0x00000006fc300000)

Card table byte_map: [0x0000000005ba0000,0x00000000063d0000] byte_map_base: 0x00000000023c9000

Polling page: 0x0000000000bc0000

Code Cache  [0x0000000002ba0000, 0x0000000002fa0000, 0x0000000005ba0000)
 total_blobs=1257 nmethods=1021 adapters=188 free_code_cache=45131Kb largest_free_block=46139264

Compilation events (10 events):
Event: 4.567 Thread 0x000000000f9d7800 nmethod 1036 0x0000000002df6410 code [0x0000000002df6560, 0x0000000002df66f8]
Event: 4.575 Thread 0x000000000f9d4000 1037             com.android.dx.ssa.LiteralOpUpgrader$1::visitNonMoveInsn (203 bytes)
Event: 4.588 Thread 0x000000000f9d4000 nmethod 1037 0x0000000002f70e50 code [0x0000000002f71160, 0x0000000002f72188]
Event: 4.591 Thread 0x000000000f9d7800 1038             com.android.dx.rop.code.LocalItem::getName (5 bytes)
Event: 4.592 Thread 0x000000000f9d7800 nmethod 1038 0x0000000002df6210 code [0x0000000002df6340, 0x0000000002df63b8]
Event: 4.596 Thread 0x000000000f9d4000 1039  s          com.android.dx.dex.file.FieldIdsSection::intern (55 bytes)
Event: 4.601 Thread 0x000000000f9d4000 nmethod 1039 0x0000000002f8ef10 code [0x0000000002f8f0c0, 0x0000000002f8f8d0]
Event: 4.644 Thread 0x000000000f9d7800 1040             com.android.dx.rop.annotation.Annotations::add (75 bytes)
Event: 4.644 Thread 0x000000000f9d4000 1041             java.util.TreeMap::containsKey (14 bytes)
Event: 4.646 Thread 0x000000000f9d4000 nmethod 1041 0x0000000002df5dd0 code [0x0000000002df5f20, 0x0000000002df6078]

GC Heap History (10 events):
Event: 2.681 GC heap after
Heap after GC invocations=4 (full 0):
 PSYoungGen      total 274944K, used 10733K [0x00000007aaa80000, 0x00000007bc180000, 0x0000000800000000)
  eden space 264192K, 0% used [0x00000007aaa80000,0x00000007aaa80000,0x00000007bac80000)
  from space 10752K, 99% used [0x00000007bb700000,0x00000007bc17b508,0x00000007bc180000)
  to   space 10752K, 0% used [0x00000007bac80000,0x00000007bac80000,0x00000007bb700000)
 ParOldGen       total 174080K, used 50329K [0x0000000700000000, 0x000000070aa00000, 0x00000007aaa80000)
  object space 174080K, 28% used [0x0000000700000000,0x00000007031264a8,0x000000070aa00000)
 PSPermGen       total 21504K, used 5927K [0x00000006fae00000, 0x00000006fc300000, 0x0000000700000000)
  object space 21504K, 27% used [0x00000006fae00000,0x00000006fb3c9cf8,0x00000006fc300000)
}
Event: 3.248 GC heap before
{Heap before GC invocations=5 (full 0):
 PSYoungGen      total 274944K, used 274925K [0x00000007aaa80000, 0x00000007bc180000, 0x0000000800000000)
  eden space 264192K, 100% used [0x00000007aaa80000,0x00000007bac80000,0x00000007bac80000)
  from space 10752K, 99% used [0x00000007bb700000,0x00000007bc17b508,0x00000007bc180000)
  to   space 10752K, 0% used [0x00000007bac80000,0x00000007bac80000,0x00000007bb700000)
 ParOldGen       total 174080K, used 50329K [0x0000000700000000, 0x000000070aa00000, 0x00000007aaa80000)
  object space 174080K, 28% used [0x0000000700000000,0x00000007031264a8,0x000000070aa00000)
 PSPermGen       total 21504K, used 5960K [0x00000006fae00000, 0x00000006fc300000, 0x0000000700000000)
  object space 21504K, 27% used [0x00000006fae00000,0x00000006fb3d22a0,0x00000006fc300000)
Event: 3.316 GC heap after
Heap after GC invocations=5 (full 0):
 PSYoungGen      total 274944K, used 10722K [0x00000007aaa80000, 0x00000007d1980000, 0x0000000800000000)
  eden space 264192K, 0% used [0x00000007aaa80000,0x00000007aaa80000,0x00000007bac80000)
  from space 10752K, 99% used [0x00000007bac80000,0x00000007bb6f8a48,0x00000007bb700000)
  to   space 54784K, 0% used [0x00000007ce400000,0x00000007ce400000,0x00000007d1980000)
 ParOldGen       total 174080K, used 92379K [0x0000000700000000, 0x000000070aa00000, 0x00000007aaa80000)
  object space 174080K, 53% used [0x0000000700000000,0x0000000705a36cf8,0x000000070aa00000)
 PSPermGen       total 21504K, used 5960K [0x00000006fae00000, 0x00000006fc300000, 0x0000000700000000)
  object space 21504K, 27% used [0x00000006fae00000,0x00000006fb3d22a0,0x00000006fc300000)
}
Event: 3.732 GC heap before
{Heap before GC invocations=6 (full 0):
 PSYoungGen      total 274944K, used 274914K [0x00000007aaa80000, 0x00000007d1980000, 0x0000000800000000)
  eden space 264192K, 100% used [0x00000007aaa80000,0x00000007bac80000,0x00000007bac80000)
  from space 10752K, 99% used [0x00000007bac80000,0x00000007bb6f8a48,0x00000007bb700000)
  to   space 54784K, 0% used [0x00000007ce400000,0x00000007ce400000,0x00000007d1980000)
 ParOldGen       total 174080K, used 92381K [0x0000000700000000, 0x000000070aa00000, 0x00000007aaa80000)
  object space 174080K, 53% used [0x0000000700000000,0x0000000705a37428,0x000000070aa00000)
 PSPermGen       total 21504K, used 5987K [0x00000006fae00000, 0x00000006fc300000, 0x0000000700000000)
  object space 21504K, 27% used [0x00000006fae00000,0x00000006fb3d8e70,0x00000006fc300000)
Event: 3.798 GC heap after
Heap after GC invocations=6 (full 0):
 PSYoungGen      total 574464K, used 51758K [0x00000007aaa80000, 0x00000007d2a80000, 0x0000000800000000)
  eden space 519680K, 0% used [0x00000007aaa80000,0x00000007aaa80000,0x00000007ca600000)
  from space 54784K, 94% used [0x00000007ce400000,0x00000007d168b828,0x00000007d1980000)
  to   space 63488K, 0% used [0x00000007ca600000,0x00000007ca600000,0x00000007ce400000)
 ParOldGen       total 174080K, used 92381K [0x0000000700000000, 0x000000070aa00000, 0x00000007aaa80000)
  object space 174080K, 53% used [0x0000000700000000,0x0000000705a37428,0x000000070aa00000)
 PSPermGen       total 21504K, used 5987K [0x00000006fae00000, 0x00000006fc300000, 0x0000000700000000)
  object space 21504K, 27% used [0x00000006fae00000,0x00000006fb3d8e70,0x00000006fc300000)
}
Event: 3.800 GC heap before
{Heap before GC invocations=7 (full 0):
 PSYoungGen      total 574464K, used 57451K [0x00000007aaa80000, 0x00000007d2a80000, 0x0000000800000000)
  eden space 519680K, 1% used [0x00000007aaa80000,0x00000007ab00f450,0x00000007ca600000)
  from space 54784K, 94% used [0x00000007ce400000,0x00000007d168b828,0x00000007d1980000)
  to   space 63488K, 0% used [0x00000007ca600000,0x00000007ca600000,0x00000007ce400000)
 ParOldGen       total 174080K, used 92381K [0x0000000700000000, 0x000000070aa00000, 0x00000007aaa80000)
  object space 174080K, 53% used [0x0000000700000000,0x0000000705a37428,0x000000070aa00000)
 PSPermGen       total 21504K, used 5987K [0x00000006fae00000, 0x00000006fc300000, 0x0000000700000000)
  object space 21504K, 27% used [0x00000006fae00000,0x00000006fb3d8fe0,0x00000006fc300000)
Event: 3.868 GC heap after
Heap after GC invocations=7 (full 0):
 PSYoungGen      total 583168K, used 44828K [0x00000007aaa80000, 0x00000007f2180000, 0x0000000800000000)
  eden space 519680K, 0% used [0x00000007aaa80000,0x00000007aaa80000,0x00000007ca600000)
  from space 63488K, 70% used [0x00000007ca600000,0x00000007cd1c7080,0x00000007ce400000)
  to   space 65536K, 0% used [0x00000007ee180000,0x00000007ee180000,0x00000007f2180000)
 ParOldGen       total 174080K, used 97718K [0x0000000700000000, 0x000000070aa00000, 0x00000007aaa80000)
  object space 174080K, 56% used [0x0000000700000000,0x0000000705f6db88,0x000000070aa00000)
 PSPermGen       total 21504K, used 5987K [0x00000006fae00000, 0x00000006fc300000, 0x0000000700000000)
  object space 21504K, 27% used [0x00000006fae00000,0x00000006fb3d8fe0,0x00000006fc300000)
}
Event: 4.647 GC heap before
{Heap before GC invocations=8 (full 0):
 PSYoungGen      total 583168K, used 564508K [0x00000007aaa80000, 0x00000007f2180000, 0x0000000800000000)
  eden space 519680K, 100% used [0x00000007aaa80000,0x00000007ca600000,0x00000007ca600000)
  from space 63488K, 70% used [0x00000007ca600000,0x00000007cd1c7080,0x00000007ce400000)
  to   space 65536K, 0% used [0x00000007ee180000,0x00000007ee180000,0x00000007f2180000)
 ParOldGen       total 174080K, used 97718K [0x0000000700000000, 0x000000070aa00000, 0x00000007aaa80000)
  object space 174080K, 56% used [0x0000000700000000,0x0000000705f6db88,0x000000070aa00000)
 PSPermGen       total 21504K, used 6024K [0x00000006fae00000, 0x00000006fc300000, 0x0000000700000000)
  object space 21504K, 28% used [0x00000006fae00000,0x00000006fb3e2200,0x00000006fc300000)
Event: 4.771 GC heap after
Heap after GC invocations=8 (full 0):
 PSYoungGen      total 1068032K, used 65504K [0x00000007aaa80000, 0x00000007f6980000, 0x0000000800000000)
  eden space 1002496K, 0% used [0x00000007aaa80000,0x00000007aaa80000,0x00000007e7d80000)
  from space 65536K, 99% used [0x00000007ee180000,0x00000007f2178308,0x00000007f2180000)
  to   space 102400K, 0% used [0x00000007e7d80000,0x00000007e7d80000,0x00000007ee180000)
 ParOldGen       total 174080K, used 160077K [0x0000000700000000, 0x000000070aa00000, 0x00000007aaa80000)
  object space 174080K, 91% used [0x0000000700000000,0x0000000709c53770,0x000000070aa00000)
 PSPermGen       total 21504K, used 6024K [0x00000006fae00000, 0x00000006fc300000, 0x0000000700000000)
  object space 21504K, 28% used [0x00000006fae00000,0x00000006fb3e2200,0x00000006fc300000)
}
Event: 4.771 GC heap before
{Heap before GC invocations=9 (full 1):
 PSYoungGen      total 1068032K, used 65504K [0x00000007aaa80000, 0x00000007f6980000, 0x0000000800000000)
  eden space 1002496K, 0% used [0x00000007aaa80000,0x00000007aaa80000,0x00000007e7d80000)
  from space 65536K, 99% used [0x00000007ee180000,0x00000007f2178308,0x00000007f2180000)
  to   space 102400K, 0% used [0x00000007e7d80000,0x00000007e7d80000,0x00000007ee180000)
 ParOldGen       total 174080K, used 160077K [0x0000000700000000, 0x000000070aa00000, 0x00000007aaa80000)
  object space 174080K, 91% used [0x0000000700000000,0x0000000709c53770,0x000000070aa00000)
 PSPermGen       total 21504K, used 6024K [0x00000006fae00000, 0x00000006fc300000, 0x0000000700000000)
  object space 21504K, 28% used [0x00000006fae00000,0x00000006fb3e2200,0x00000006fc300000)

Deoptimization events (10 events):
Event: 3.723 Thread 0x00000000114d9800 Uncommon trap: reason=class_check action=maybe_recompile pc=0x0000000002c7af0c method=com.android.dx.ssa.SCCP.simulateBranch(Lcom/android/dx/ssa/SsaInsn;)V @ 145
Event: 3.881 Thread 0x00000000114e3000 Uncommon trap: reason=class_check action=maybe_recompile pc=0x0000000002c7af0c method=com.android.dx.ssa.SCCP.simulateBranch(Lcom/android/dx/ssa/SsaInsn;)V @ 145
Event: 3.920 Thread 0x000000000110e000 Uncommon trap: reason=bimorphic action=maybe_recompile pc=0x0000000002cff7dc method=com.android.dx.ssa.LiteralOpUpgrader.tryReplacingWithConstant(Lcom/android/dx/ssa/NormalSsaInsn;)Z @ 62
Event: 3.924 Thread 0x00000000114d9000 Uncommon trap: reason=bimorphic action=maybe_recompile pc=0x0000000002cf9988 method=com.android.dx.ssa.LiteralOpUpgrader.tryReplacingWithConstant(Lcom/android/dx/ssa/NormalSsaInsn;)Z @ 62
Event: 4.324 Thread 0x000000000110e000 Uncommon trap: reason=bimorphic action=maybe_recompile pc=0x0000000002f11a28 method=com.android.dx.cf.code.BytecodeArray.parseInstruction(ILcom/android/dx/cf/code/BytecodeArray$Visitor;)I @ 1549
Event: 4.324 Thread 0x000000000110e000 Uncommon trap: reason=bimorphic action=maybe_recompile pc=0x0000000002f11a28 method=com.android.dx.cf.code.BytecodeArray.parseInstruction(ILcom/android/dx/cf/code/BytecodeArray$Visitor;)I @ 1549
Event: 4.331 Thread 0x00000000114d9800 Uncommon trap: reason=class_check action=maybe_recompile pc=0x0000000002cdf6ec method=com.android.dx.ssa.LiteralOpUpgrader.isConstIntZeroOrKnownNull(Lcom/android/dx/rop/code/RegisterSpec;)Z @ 13
Event: 4.555 Thread 0x00000000114d9800 Uncommon trap: reason=class_check action=maybe_recompile pc=0x0000000002cdf6ec method=com.android.dx.ssa.LiteralOpUpgrader.isConstIntZeroOrKnownNull(Lcom/android/dx/rop/code/RegisterSpec;)Z @ 13
Event: 4.569 Thread 0x00000000114e3000 Uncommon trap: reason=class_check action=maybe_recompile pc=0x0000000002cdf6ec method=com.android.dx.ssa.LiteralOpUpgrader.isConstIntZeroOrKnownNull(Lcom/android/dx/rop/code/RegisterSpec;)Z @ 13
Event: 4.570 Thread 0x00000000114e3000 Uncommon trap: reason=class_check action=maybe_recompile pc=0x0000000002cdf6ec method=com.android.dx.ssa.LiteralOpUpgrader.isConstIntZeroOrKnownNull(Lcom/android/dx/rop/code/RegisterSpec;)Z @ 13

Internal exceptions (10 events):
Event: 0.789 Thread 0x00000000114d9800 Implicit null exception at 0x0000000002cbc7e0 to 0x0000000002cbe7cd
Event: 0.995 Thread 0x00000000114e3000 Threw 0x00000007ab8b4860 at C:\jdk7u2_64p\jdk7u40\hotspot\src\share\vm\prims\jvm.cpp:1244
Event: 1.205 Thread 0x000000000110e000 Implicit null exception at 0x0000000002cfc138 to 0x0000000002cfcb05
Event: 1.205 Thread 0x000000000110e000 Implicit null exception at 0x0000000002c833e5 to 0x0000000002c83f45
Event: 1.773 Thread 0x000000000110e000 Threw 0x00000007ad2a43b0 at C:\jdk7u2_64p\jdk7u40\hotspot\src\share\vm\prims\jvm.cpp:1244
Event: 2.451 Thread 0x00000000114d3000 Implicit null exception at 0x0000000002e53af5 to 0x0000000002e54195
Event: 3.190 Thread 0x000000000110e000 Threw 0x00000007b8a8ac68 at C:\jdk7u2_64p\jdk7u40\hotspot\src\share\vm\prims\jvm.cpp:1244
Event: 3.220 Thread 0x00000000114d9800 Implicit null exception at 0x0000000002e308fd to 0x0000000002e31451
Event: 3.321 Thread 0x00000000114d9800 Implicit null exception at 0x0000000002e836a4 to 0x0000000002e865ad
Event: 3.952 Thread 0x00000000114d9000 Threw 0x00000007addf7c90 at C:\jdk7u2_64p\jdk7u40\hotspot\src\share\vm\prims\jvm.cpp:1244

Events (10 events):
Event: 4.555 Thread 0x00000000114d9800 Uncommon trap: trap_request=0xffffffde fr.pc=0x0000000002cdf6ec
Event: 4.555 Thread 0x00000000114d9800 DEOPT PACKING pc=0x0000000002cdf6ec sp=0x0000000011c6eb90
Event: 4.555 Thread 0x00000000114d9800 DEOPT UNPACKING pc=0x0000000002bd75a4 sp=0x0000000011c6ea70 mode 2
Event: 4.569 Thread 0x00000000114e3000 Uncommon trap: trap_request=0xffffffde fr.pc=0x0000000002cdf6ec
Event: 4.569 Thread 0x00000000114e3000 DEOPT PACKING pc=0x0000000002cdf6ec sp=0x000000001186e960
Event: 4.569 Thread 0x00000000114e3000 DEOPT UNPACKING pc=0x0000000002bd75a4 sp=0x000000001186e840 mode 2
Event: 4.570 Thread 0x00000000114e3000 Uncommon trap: trap_request=0xffffffde fr.pc=0x0000000002cdf6ec
Event: 4.570 Thread 0x00000000114e3000 DEOPT PACKING pc=0x0000000002cdf6ec sp=0x000000001186e960
Event: 4.570 Thread 0x00000000114e3000 DEOPT UNPACKING pc=0x0000000002bd75a4 sp=0x000000001186e840 mode 2
Event: 4.647 Executing VM operation: ParallelGCFailedAllocation


Dynamic libraries:
0x00007ff734ca0000 - 0x00007ff734cd3000 	C:\Program Files\Java\jdk1.7.0_40\bin\java.exe
0x00007ffa53ae0000 - 0x00007ffa53cb1000 	C:\WINDOWS\SYSTEM32\ntdll.dll
0x00007ffa51240000 - 0x00007ffa512eb000 	C:\WINDOWS\System32\KERNEL32.DLL
0x00007ffa50e50000 - 0x00007ffa5106d000 	C:\WINDOWS\System32\KERNELBASE.dll
0x00007ffa53890000 - 0x00007ffa53932000 	C:\WINDOWS\System32\ADVAPI32.dll
0x00007ffa511a0000 - 0x00007ffa5123e000 	C:\WINDOWS\System32\msvcrt.dll
0x00007ffa53820000 - 0x00007ffa53879000 	C:\WINDOWS\System32\sechost.dll
0x00007ffa53940000 - 0x00007ffa53a61000 	C:\WINDOWS\System32\RPCRT4.dll
0x00007ffa533d0000 - 0x00007ffa53535000 	C:\WINDOWS\System32\USER32.dll
0x0000000058b10000 - 0x0000000058b2e000 	C:\WINDOWS\System32\win32u.dll
0x00007ffa52f60000 - 0x00007ffa52f94000 	C:\WINDOWS\System32\GDI32.dll
0x00007ffa50140000 - 0x00007ffa502c2000 	C:\WINDOWS\System32\gdi32full.dll
0x00007ffa4bf90000 - 0x00007ffa4c209000 	C:\WINDOWS\WinSxS\amd64_microsoft.windows.common-controls_6595b64144ccf1df_6.0.14393.0_none_2d0f50fcbdb171b8\COMCTL32.dll
0x00007ffa53540000 - 0x00007ffa53807000 	C:\WINDOWS\System32\combase.dll
0x00007ffa50a10000 - 0x00007ffa50b05000 	C:\WINDOWS\System32\ucrtbase.dll
0x00007ffa50b60000 - 0x00007ffa50bca000 	C:\WINDOWS\System32\bcryptPrimitives.dll
0x00007ffa51070000 - 0x00007ffa5109e000 	C:\WINDOWS\System32\IMM32.DLL
0x0000000056d00000 - 0x0000000056dd1000 	C:\Program Files\Java\jdk1.7.0_40\jre\bin\msvcr100.dll
0x0000000056530000 - 0x0000000056cf9000 	C:\Program Files\Java\jdk1.7.0_40\jre\bin\server\jvm.dll
0x00007ffa51410000 - 0x00007ffa51418000 	C:\WINDOWS\System32\PSAPI.DLL
0x00007ffa45380000 - 0x00007ffa45389000 	C:\WINDOWS\SYSTEM32\WSOCK32.dll
0x00007ffa53a70000 - 0x00007ffa53ada000 	C:\WINDOWS\System32\WS2_32.dll
0x00007ffa4e3b0000 - 0x00007ffa4e3d3000 	C:\WINDOWS\SYSTEM32\WINMM.dll
0x00007ffa4e350000 - 0x00007ffa4e37b000 	C:\WINDOWS\SYSTEM32\WINMMBASE.dll
0x00007ffa50b10000 - 0x00007ffa50b52000 	C:\WINDOWS\System32\cfgmgr32.dll
0x0000000056520000 - 0x000000005652f000 	C:\Program Files\Java\jdk1.7.0_40\jre\bin\verify.dll
0x00000000564f0000 - 0x0000000056518000 	C:\Program Files\Java\jdk1.7.0_40\jre\bin\java.dll
0x00000000564d0000 - 0x00000000564e5000 	C:\Program Files\Java\jdk1.7.0_40\jre\bin\zip.dll
0x00000000564b0000 - 0x00000000564c9000 	C:\Program Files\Java\jdk1.7.0_40\jre\bin\net.dll
0x00007ffa4f930000 - 0x00007ffa4f98c000 	C:\WINDOWS\system32\mswsock.dll
0x0000000056490000 - 0x00000000564a1000 	C:\Program Files\Java\jdk1.7.0_40\jre\bin\nio.dll
0x00007ffa48fa0000 - 0x00007ffa49132000 	C:\WINDOWS\SYSTEM32\dbghelp.dll

VM Arguments:
jvm_args: -Djava.awt.headless=true -Xmx4g -Dfile.encoding=windows-1252 -Duser.country=US -Duser.language=en -Duser.variant 
java_command: com.android.dx.command.Main --dex --num-threads=4 --multi-dex --main-dex-list E:\lib\AndroidStudioProjects\TheSpeaker'sStudioApp\app\build\intermediates\multi-dex\debug\maindexlist.txt --output E:\lib\AndroidStudioProjects\TheSpeaker'sStudioApp\app\build\intermediates\transforms\dex\debug\folders\1000\1f\main E:\lib\AndroidStudioProjects\TheSpeaker'sStudioApp\app\build\intermediates\transforms\jarMerging\debug\jars\1\1f\combined.jar
Launcher Type: SUN_STANDARD

Environment Variables:
PATH=C:\ProgramData\Oracle\Java\javapath;C:\PROGRAM FILES\BROADCOM\BROADCOM 802.11 NETWORK ADAPTER;C:\WINDOWS\SYSTEM32;C:\WINDOWS;C:\WINDOWS\SYSTEM32\WBEM;C:\WINDOWS\SYSTEM32\WINDOWSPOWERSHELL\V1.0\;C:\PROGRAM FILES\NODEJS\;C:\PROGRAM FILES (X86)\ATI TECHNOLOGIES\ATI.ACE\CORE-STATIC;E:\PROGRAM FILES\MYSQL\MYSQL UTILITIES 1.4.3\;E:\PROGRAM FILES\MYSQL\MYSQL UTILITIES 1.4.3\DOCTRINE EXTENSIONS FOR PHP\;C:\RUBY21-X64\BIN;C:\Program Files\WIDCOMM\Bluetooth Software\;C:\Program Files\WIDCOMM\Bluetooth Software\syswow64;C:\Program Files (x86)\Windows Live\Shared;C:\WINDOWS\system32;C:\WINDOWS\System32\Wbem;C:\WINDOWS\System32\WindowsPowerShell\v1.0\;C:\Program Files (x86)\Heroku\bin;C:\Program Files (x86)\git\cmd;C:\Program Files (x86)\Git\cmd;C:\Program Files (x86)\ATI Technologies\ATI.ACE\Core-Static;C:\Program Files (x86)\NVIDIA Corporation\PhysX\Common;C:\WINDOWS\system32;C:\WINDOWS;C:\WINDOWS\System32\Wbem;C:\WINDOWS\System32\WindowsPowerShell\v1.0\;C:\Users\smcgi_000\AppData\Roaming\npm;C:\Users\smcgi_000\AppData\Local\GitHub\PortableGit_054f2e797ebafd44a30203088cd3d58663c627ef\bin;C:\Program Files\PostgreSQL\9.4\bin;C:\Users\smcgi_000\AppData\Local\Android\sdk\platform-tools;C:\Program Files\Java\jdk1.7.0_40\bin;USERPROFILE\AppData\Local\Microsoft\WindowsApps;
USERNAME=smcgi_000
OS=Windows_NT
PROCESSOR_IDENTIFIER=Intel64 Family 6 Model 58 Stepping 9, GenuineIntel



---------------  S Y S T E M  ---------------

OS: Windows 8 , 64 bit Build 9200 

CPU:total 4 (4 cores per cpu, 1 threads per core) family 6 model 58 stepping 9, cmov, cx8, fxsr, mmx, sse, sse2, sse3, ssse3, sse4.1, sse4.2, popcnt, avx, aes, erms, tsc, tscinvbit, tscinv

Memory: 4k page, physical 16723776k(6445324k free), swap 19738432k(3985056k free)

vm_info: Java HotSpot(TM) 64-Bit Server VM (24.0-b56) for windows-amd64 JRE (1.7.0_40-b43), built on Aug 26 2013 22:38:32 by "java_re" with unknown MS VC++:1600

time: Thu Aug 11 17:00:56 2016
elapsed time: 4 seconds

