#
# A fatal error has been detected by the Java Runtime Environment:
#
#  EXCEPTION_ACCESS_VIOLATION (0xc0000005) at pc=0x000000005618c2aa, pid=9312, tid=15412
#
# JRE version: Java(TM) SE Runtime Environment (7.0_40-b43) (build 1.7.0_40-b43)
# Java VM: Java HotSpot(TM) 64-Bit Server VM (24.0-b56 mixed mode windows-amd64 compressed oops)
# Problematic frame:
# V  [jvm.dll+0x39c2aa]
#
# Failed to write core dump. Minidumps are not enabled by default on client versions of Windows
#
# If you would like to submit a bug report, please visit:
#   http://bugreport.sun.com/bugreport/crash.jsp
#

---------------  T H R E A D  ---------------

Current thread (0x000000000312d800):  GCTaskThread [stack: 0x0000000007390000,0x0000000007490000] [id=15412]

siginfo: ExceptionCode=0xc0000005, reading address 0xffffffffffffffff

Registers:
RAX=0xf65716e8f65ec630, RBX=0x00000007b2f63180, RCX=0x0000000000000007, RDX=0x0000000000000000
RSP=0x000000000748f960, RBP=0x000000000000000b, RSI=0x00000000100eea50, RDI=0x000000070023e628
R8 =0x00000000f6583a4b, R9 =0x1fffffffffffffff, R10=0x006e0061004c0028, R11=0x00000007bbcff3d0
R12=0x00000000062fa1ca, R13=0xf65716e8f65ec632, R14=0x0000000000000000, R15=0x000000000311ea10
RIP=0x000000005618c2aa, EFLAGS=0x0000000000010286

Top of Stack: (sp=0x000000000748f960)
0x000000000748f960:   00000007b2f631a8 0000000000000003
0x000000000748f970:   00000000100eea50 0000000000000004
0x000000000748f980:   00000007bbcf8548 0000000000001000
0x000000000748f990:   0000000701eb4adc 0000000055edd6c3
0x000000000748f9a0:   0000000000000000 00000000100eea00
0x000000000748f9b0:   00000000062fa1ca 000000005618c620
0x000000000748f9c0:   00000007bbcff6bc 00000000062fa201
0x000000000748f9d0:   00000000100eea50 000000070023e628
0x000000000748f9e0:   00000007bbcff6bc 000000005618d235
0x000000000748f9f0:   00000007b2c26d38 00000000062fa201
0x000000000748fa00:   00000000100eea50 0000000000000003
0x000000000748fa10:   00000000100eea50 0000000010025570
0x000000000748fa20:   0000000700000000 000000005618c9a4
0x000000000748fa30:   000000070023b7f4 0000000055edd6c3
0x000000000748fa40:   000000070023b7c5 000000070023b7c5
0x000000000748fa50:   000000070023d918 0000000055edf499 

Instructions: (pc=0x000000005618c2aa)
0x000000005618c28a:   48 83 c2 10 48 8b cb e8 ca 47 ca ff 48 63 e8 41
0x000000005618c29a:   0f b6 c5 f6 d0 a8 01 49 8b c5 74 06 48 83 e0 fd
0x000000005618c2aa:   8b 00 48 c1 e8 03 83 e0 0f 3b 05 9f 79 3b 00 0f
0x000000005618c2ba:   8d 2b 01 00 00 48 8b 7e 08 48 8d 04 ef 48 3b c7 


Register to memory mapping:

RAX=0xf65716e8f65ec630 is an unknown value
RBX=0x00000007b2f63180 is an unknown value
RCX=0x0000000000000007 is an unknown value
RDX=0x0000000000000000 is an unknown value
RSP=0x000000000748f960 is an unknown value
RBP=0x000000000000000b is an unknown value
RSI=0x00000000100eea50 is an unknown value
RDI=0x000000070023e628 is an oop
com.android.dx.util.IntList 
 - klass: 'com/android/dx/util/IntList'
R8 =0x00000000f6583a4b is an unknown value
R9 =0x1fffffffffffffff is an unknown value
R10=0x006e0061004c0028 is an unknown value
R11=0x00000007bbcff3d0 is an oop
[C 
 - klass: {type array char}
 - length: 144
R12=0x00000000062fa1ca is an unknown value
R13=0xf65716e8f65ec632 is an unknown value
R14=0x0000000000000000 is an unknown value
R15=0x000000000311ea10 is an unknown value


Stack: [0x0000000007390000,0x0000000007490000],  sp=0x000000000748f960,  free space=1022k
Native frames: (J=compiled Java code, j=interpreted, Vv=VM code, C=native code)
V  [jvm.dll+0x39c2aa]


---------------  P R O C E S S  ---------------

Java Threads: ( => current thread )
  0x0000000011c0d800 JavaThread "pool-2-thread-4" [_thread_blocked, id=15468, stack(0x00000000122a0000,0x00000000123a0000)]
  0x0000000011bf6800 JavaThread "pool-2-thread-3" [_thread_blocked, id=15464, stack(0x00000000121a0000,0x00000000122a0000)]
  0x0000000011bf4000 JavaThread "pool-2-thread-2" [_thread_blocked, id=15460, stack(0x00000000120a0000,0x00000000121a0000)]
  0x0000000011bf2000 JavaThread "pool-3-thread-1" [_thread_blocked, id=15456, stack(0x0000000011fa0000,0x00000000120a0000)]
  0x0000000011bf0800 JavaThread "pool-2-thread-1" [_thread_blocked, id=15452, stack(0x0000000011ea0000,0x0000000011fa0000)]
  0x0000000010138800 JavaThread "Service Thread" daemon [_thread_blocked, id=15444, stack(0x00000000118a0000,0x00000000119a0000)]
  0x0000000010135800 JavaThread "C2 CompilerThread1" daemon [_thread_blocked, id=15440, stack(0x00000000117a0000,0x00000000118a0000)]
  0x0000000010134000 JavaThread "C2 CompilerThread0" daemon [_thread_blocked, id=15436, stack(0x00000000116a0000,0x00000000117a0000)]
  0x0000000010132800 JavaThread "Attach Listener" daemon [_thread_blocked, id=15432, stack(0x00000000115a0000,0x00000000116a0000)]
  0x000000001012f800 JavaThread "Signal Dispatcher" daemon [_thread_blocked, id=15428, stack(0x00000000114a0000,0x00000000115a0000)]
  0x00000000100fe000 JavaThread "Finalizer" daemon [_thread_blocked, id=15424, stack(0x00000000113a0000,0x00000000114a0000)]
  0x00000000100f3000 JavaThread "Reference Handler" daemon [_thread_blocked, id=15420, stack(0x00000000112a0000,0x00000000113a0000)]
  0x0000000002fae000 JavaThread "main" [_thread_blocked, id=15396, stack(0x0000000002fd0000,0x00000000030d0000)]

Other Threads:
  0x00000000100f1000 VMThread [stack: 0x00000000111a0000,0x00000000112a0000] [id=15416]
  0x0000000010163800 WatcherThread [stack: 0x00000000119a0000,0x0000000011aa0000] [id=15448]

=>0x000000000312d800 (exited) GCTaskThread [stack: 0x0000000007390000,0x0000000007490000] [id=15412]

VM state:at safepoint (normal execution)

VM Mutex/Monitor currently owned by a thread:  ([mutex/lock_event])
[0x0000000002fad910] Threads_lock - owner thread: 0x00000000100f1000
[0x0000000002fad390] Heap_lock - owner thread: 0x0000000011bf6800

Heap
 PSYoungGen      total 142848K, used 142818K [0x00000007aaa80000, 0x00000007bc180000, 0x0000000800000000)
  eden space 132096K, 100% used [0x00000007aaa80000,0x00000007b2b80000,0x00000007b2b80000)
  from space 10752K, 99% used [0x00000007b2b80000,0x00000007b35f8898,0x00000007b3600000)
  to   space 10752K, 99% used [0x00000007bb700000,0x00000007bc17c580,0x00000007bc180000)
 ParOldGen       total 174080K, used 40520K [0x0000000700000000, 0x000000070aa00000, 0x00000007aaa80000)
  object space 174080K, 23% used [0x0000000700000000,0x00000007027940a8,0x000000070aa00000)
 PSPermGen       total 21504K, used 5931K [0x00000006fae00000, 0x00000006fc300000, 0x0000000700000000)
  object space 21504K, 27% used [0x00000006fae00000,0x00000006fb3cac10,0x00000006fc300000)

Card table byte_map: [0x00000000062d0000,0x0000000006b00000] byte_map_base: 0x0000000002af9000

Polling page: 0x00000000030d0000

Code Cache  [0x0000000003210000, 0x0000000003520000, 0x0000000006210000)
 total_blobs=962 nmethods=724 adapters=188 free_code_cache=46097Kb largest_free_block=47160256

Compilation events (10 events):
Event: 2.458 Thread 0x0000000010135800 nmethod 720 0x00000000034e62d0 code [0x00000000034e6400, 0x00000000034e6458]
Event: 2.458 Thread 0x0000000010135800  721             com.android.dx.rop.code.RegisterSpecList::getType (12 bytes)
Event: 2.459 Thread 0x0000000010135800 nmethod 721 0x00000000034e5e90 code [0x00000000034e5fe0, 0x00000000034e60f8]
Event: 2.459 Thread 0x0000000010135800  722   !         com.android.dx.cf.code.BytecodeArray::parseInstruction (2764 bytes)
Event: 2.461 Thread 0x0000000010134000 nmethod 708 0x00000000034f4150 code [0x00000000034f4460, 0x00000000034f64c8]
Event: 2.461 Thread 0x0000000010134000  723             com.android.dx.dex.code.RopTranslator::access$500 (5 bytes)
Event: 2.462 Thread 0x0000000010134000 nmethod 723 0x00000000034e5c90 code [0x00000000034e5dc0, 0x00000000034e5e18]
Event: 2.462 Thread 0x0000000010134000  725             com.android.dx.dex.cf.CfTranslator::translate0 (259 bytes)
Event: 2.593 Thread 0x0000000010135800 nmethod 722 0x0000000003502c50 code [0x00000000035047e0, 0x000000000350bd00]
Event: 2.593 Thread 0x0000000010135800  726             com.android.dx.rop.cst.CstString::hashCode (8 bytes)

GC Heap History (7 events):
Event: 0.864 GC heap before
{Heap before GC invocations=1 (full 0):
 PSYoungGen      total 76800K, used 66048K [0x00000007aaa80000, 0x00000007b0000000, 0x0000000800000000)
  eden space 66048K, 100% used [0x00000007aaa80000,0x00000007aeb00000,0x00000007aeb00000)
  from space 10752K, 0% used [0x00000007af580000,0x00000007af580000,0x00000007b0000000)
  to   space 10752K, 0% used [0x00000007aeb00000,0x00000007aeb00000,0x00000007af580000)
 ParOldGen       total 174080K, used 0K [0x0000000700000000, 0x000000070aa00000, 0x00000007aaa80000)
  object space 174080K, 0% used [0x0000000700000000,0x0000000700000000,0x000000070aa00000)
 PSPermGen       total 21504K, used 5761K [0x00000006fae00000, 0x00000006fc300000, 0x0000000700000000)
  object space 21504K, 26% used [0x00000006fae00000,0x00000006fb3a05b0,0x00000006fc300000)
Event: 0.873 GC heap after
Heap after GC invocations=1 (full 0):
 PSYoungGen      total 76800K, used 10748K [0x00000007aaa80000, 0x00000007b4080000, 0x0000000800000000)
  eden space 66048K, 0% used [0x00000007aaa80000,0x00000007aaa80000,0x00000007aeb00000)
  from space 10752K, 99% used [0x00000007aeb00000,0x00000007af57f070,0x00000007af580000)
  to   space 10752K, 0% used [0x00000007b3600000,0x00000007b3600000,0x00000007b4080000)
 ParOldGen       total 174080K, used 2051K [0x0000000700000000, 0x000000070aa00000, 0x00000007aaa80000)
  object space 174080K, 1% used [0x0000000700000000,0x0000000700200f78,0x000000070aa00000)
 PSPermGen       total 21504K, used 5761K [0x00000006fae00000, 0x00000006fc300000, 0x0000000700000000)
  object space 21504K, 26% used [0x00000006fae00000,0x00000006fb3a05b0,0x00000006fc300000)
}
Event: 1.459 GC heap before
{Heap before GC invocations=2 (full 0):
 PSYoungGen      total 76800K, used 76796K [0x00000007aaa80000, 0x00000007b4080000, 0x0000000800000000)
  eden space 66048K, 100% used [0x00000007aaa80000,0x00000007aeb00000,0x00000007aeb00000)
  from space 10752K, 99% used [0x00000007aeb00000,0x00000007af57f070,0x00000007af580000)
  to   space 10752K, 0% used [0x00000007b3600000,0x00000007b3600000,0x00000007b4080000)
 ParOldGen       total 174080K, used 2051K [0x0000000700000000, 0x000000070aa00000, 0x00000007aaa80000)
  object space 174080K, 1% used [0x0000000700000000,0x0000000700200f78,0x000000070aa00000)
 PSPermGen       total 21504K, used 5816K [0x00000006fae00000, 0x00000006fc300000, 0x0000000700000000)
  object space 21504K, 27% used [0x00000006fae00000,0x00000006fb3ae158,0x00000006fc300000)
Event: 1.476 GC heap after
Heap after GC invocations=2 (full 0):
 PSYoungGen      total 142848K, used 10750K [0x00000007aaa80000, 0x00000007b4080000, 0x0000000800000000)
  eden space 132096K, 0% used [0x00000007aaa80000,0x00000007aaa80000,0x00000007b2b80000)
  from space 10752K, 99% used [0x00000007b3600000,0x00000007b407fb08,0x00000007b4080000)
  to   space 10752K, 0% used [0x00000007b2b80000,0x00000007b2b80000,0x00000007b3600000)
 ParOldGen       total 174080K, used 12277K [0x0000000700000000, 0x000000070aa00000, 0x00000007aaa80000)
  object space 174080K, 7% used [0x0000000700000000,0x0000000700bfd440,0x000000070aa00000)
 PSPermGen       total 21504K, used 5816K [0x00000006fae00000, 0x00000006fc300000, 0x0000000700000000)
  object space 21504K, 27% used [0x00000006fae00000,0x00000006fb3ae158,0x00000006fc300000)
}
Event: 2.226 GC heap before
{Heap before GC invocations=3 (full 0):
 PSYoungGen      total 142848K, used 142846K [0x00000007aaa80000, 0x00000007b4080000, 0x0000000800000000)
  eden space 132096K, 100% used [0x00000007aaa80000,0x00000007b2b80000,0x00000007b2b80000)
  from space 10752K, 99% used [0x00000007b3600000,0x00000007b407fb08,0x00000007b4080000)
  to   space 10752K, 0% used [0x00000007b2b80000,0x00000007b2b80000,0x00000007b3600000)
 ParOldGen       total 174080K, used 12277K [0x0000000700000000, 0x000000070aa00000, 0x00000007aaa80000)
  object space 174080K, 7% used [0x0000000700000000,0x0000000700bfd440,0x000000070aa00000)
 PSPermGen       total 21504K, used 5874K [0x00000006fae00000, 0x00000006fc300000, 0x0000000700000000)
  object space 21504K, 27% used [0x00000006fae00000,0x00000006fb3bc968,0x00000006fc300000)
Event: 2.251 GC heap after
Heap after GC invocations=3 (full 0):
 PSYoungGen      total 142848K, used 10722K [0x00000007aaa80000, 0x00000007bc180000, 0x0000000800000000)
  eden space 132096K, 0% used [0x00000007aaa80000,0x00000007aaa80000,0x00000007b2b80000)
  from space 10752K, 99% used [0x00000007b2b80000,0x00000007b35f8898,0x00000007b3600000)
  to   space 10752K, 0% used [0x00000007bb700000,0x00000007bb700000,0x00000007bc180000)
 ParOldGen       total 174080K, used 31518K [0x0000000700000000, 0x000000070aa00000, 0x00000007aaa80000)
  object space 174080K, 18% used [0x0000000700000000,0x0000000701ec7a30,0x000000070aa00000)
 PSPermGen       total 21504K, used 5874K [0x00000006fae00000, 0x00000006fc300000, 0x0000000700000000)
  object space 21504K, 27% used [0x00000006fae00000,0x00000006fb3bc968,0x00000006fc300000)
}
Event: 2.595 GC heap before
{Heap before GC invocations=4 (full 0):
 PSYoungGen      total 142848K, used 142818K [0x00000007aaa80000, 0x00000007bc180000, 0x0000000800000000)
  eden space 132096K, 100% used [0x00000007aaa80000,0x00000007b2b80000,0x00000007b2b80000)
  from space 10752K, 99% used [0x00000007b2b80000,0x00000007b35f8898,0x00000007b3600000)
  to   space 10752K, 0% used [0x00000007bb700000,0x00000007bb700000,0x00000007bc180000)
 ParOldGen       total 174080K, used 31518K [0x0000000700000000, 0x000000070aa00000, 0x00000007aaa80000)
  object space 174080K, 18% used [0x0000000700000000,0x0000000701ec7a30,0x000000070aa00000)
 PSPermGen       total 21504K, used 5931K [0x00000006fae00000, 0x00000006fc300000, 0x0000000700000000)
  object space 21504K, 27% used [0x00000006fae00000,0x00000006fb3cac10,0x00000006fc300000)

Deoptimization events (10 events):
Event: 2.316 Thread 0x0000000011c0d800 Uncommon trap: reason=bimorphic action=maybe_recompile pc=0x000000000344c14c method=com.android.dx.cf.code.BytecodeArray.parseInstruction(ILcom/android/dx/cf/code/BytecodeArray$Visitor;)I @ 1287
Event: 2.432 Thread 0x0000000011c0d800 Uncommon trap: reason=unreached action=reinterpret pc=0x00000000034e2c60 method=com.android.dx.ssa.SsaMethod.onInsnRemoved(Lcom/android/dx/ssa/SsaInsn;)V @ 29
Event: 2.462 Thread 0x0000000011c0d800 Uncommon trap: reason=unreached action=reinterpret pc=0x00000000034b6618 method=com.android.dx.cf.code.RopperMachine.run(Lcom/android/dx/cf/code/Frame;II)V @ 1500
Event: 2.462 Thread 0x0000000011c0d800 Uncommon trap: reason=class_check action=maybe_recompile pc=0x00000000033feda0 method=com.android.dx.cf.code.Ropper.processBlock(Lcom/android/dx/cf/code/ByteBlock;Lcom/android/dx/cf/code/Frame;[I)V @ 777
Event: 2.570 Thread 0x0000000011c0d800 Uncommon trap: reason=class_check action=maybe_recompile pc=0x00000000033a06fc method=com.android.dx.ssa.back.FirstFitLocalCombiningAllocator.findNextUnreservedRopReg(IILcom/android/dx/ssa/back/FirstFitLocalCombiningAllocator$Alignment;)I @ 60
Event: 2.575 Thread 0x0000000011bf4000 Uncommon trap: reason=bimorphic action=maybe_recompile pc=0x00000000034dd170 method=com.android.dx.rop.code.RegisterSpec.withSimpleType()Lcom/android/dx/rop/code/RegisterSpec; @ 21
Event: 2.575 Thread 0x0000000011bf4000 Uncommon trap: reason=bimorphic action=maybe_recompile pc=0x00000000034dd170 method=com.android.dx.rop.code.RegisterSpec.withSimpleType()Lcom/android/dx/rop/code/RegisterSpec; @ 21
Event: 2.575 Thread 0x0000000011bf4000 Uncommon trap: reason=bimorphic action=maybe_recompile pc=0x00000000034dd170 method=com.android.dx.rop.code.RegisterSpec.withSimpleType()Lcom/android/dx/rop/code/RegisterSpec; @ 21
Event: 2.575 Thread 0x0000000011bf4000 Uncommon trap: reason=bimorphic action=maybe_recompile pc=0x00000000034dd170 method=com.android.dx.rop.code.RegisterSpec.withSimpleType()Lcom/android/dx/rop/code/RegisterSpec; @ 21
Event: 2.575 Thread 0x0000000011bf4000 Uncommon trap: reason=bimorphic action=maybe_recompile pc=0x00000000034d6188 method=com.android.dx.rop.code.RegisterSpec.withSimpleType()Lcom/android/dx/rop/code/RegisterSpec; @ 21

Internal exceptions (10 events):
Event: 0.563 Thread 0x0000000011c0d800 Implicit null exception at 0x00000000032bafa2 to 0x00000000032bb09a
Event: 0.640 Thread 0x0000000002fae000 Threw 0x00000007ad95e480 at C:\jdk7u2_64p\jdk7u40\hotspot\src\share\vm\prims\jvm.cpp:1244
Event: 0.781 Thread 0x0000000002fae000 Threw 0x00000007ae484450 at C:\jdk7u2_64p\jdk7u40\hotspot\src\share\vm\prims\jvm.cpp:1244
Event: 0.801 Thread 0x0000000011c0d800 Implicit null exception at 0x000000000332a204 to 0x000000000332c215
Event: 1.023 Thread 0x0000000011c0d800 Threw 0x00000007ab9fea90 at C:\jdk7u2_64p\jdk7u40\hotspot\src\share\vm\prims\jvm.cpp:1244
Event: 1.321 Thread 0x0000000011c0d800 Implicit null exception at 0x00000000033694e2 to 0x0000000003369e51
Event: 1.321 Thread 0x0000000011c0d800 Implicit null exception at 0x0000000003390626 to 0x0000000003390f3d
Event: 1.322 Thread 0x0000000011c0d800 Implicit null exception at 0x00000000032f3823 to 0x00000000032f466d
Event: 1.692 Thread 0x0000000002fae000 Threw 0x00000007acb5b900 at C:\jdk7u2_64p\jdk7u40\hotspot\src\share\vm\prims\jvm.cpp:1244
Event: 2.432 Thread 0x0000000011c0d800 Implicit null exception at 0x00000000034e25c0 to 0x00000000034e2c51

Events (10 events):
Event: 2.575 Thread 0x0000000011bf4000 Uncommon trap: trap_request=0xffffffc6 fr.pc=0x00000000034dd170
Event: 2.575 Thread 0x0000000011bf4000 DEOPT PACKING pc=0x00000000034dd170 sp=0x000000001219ec30
Event: 2.575 Thread 0x0000000011bf4000 DEOPT UNPACKING pc=0x00000000032475a4 sp=0x000000001219eb28 mode 2
Event: 2.575 Thread 0x0000000011bf4000 Uncommon trap: trap_request=0xffffffc6 fr.pc=0x00000000034dd170
Event: 2.575 Thread 0x0000000011bf4000 DEOPT PACKING pc=0x00000000034dd170 sp=0x000000001219ec30
Event: 2.575 Thread 0x0000000011bf4000 DEOPT UNPACKING pc=0x00000000032475a4 sp=0x000000001219eb28 mode 2
Event: 2.575 Thread 0x0000000011bf4000 Uncommon trap: trap_request=0xffffffc6 fr.pc=0x00000000034d6188
Event: 2.575 Thread 0x0000000011bf4000 DEOPT PACKING pc=0x00000000034d6188 sp=0x000000001219eb80
Event: 2.575 Thread 0x0000000011bf4000 DEOPT UNPACKING pc=0x00000000032475a4 sp=0x000000001219eb18 mode 2
Event: 2.595 Executing VM operation: ParallelGCFailedAllocation


Dynamic libraries:
0x00007ff73add0000 - 0x00007ff73ae03000 	C:\Program Files\Java\jdk1.7.0_40\bin\java.exe
0x00007ffa90f30000 - 0x00007ffa91101000 	C:\WINDOWS\SYSTEM32\ntdll.dll
0x00007ffa90230000 - 0x00007ffa902db000 	C:\WINDOWS\System32\KERNEL32.DLL
0x00007ffa8d9c0000 - 0x00007ffa8dbdd000 	C:\WINDOWS\System32\KERNELBASE.dll
0x00007ffa90e80000 - 0x00007ffa90f22000 	C:\WINDOWS\System32\ADVAPI32.dll
0x00007ffa8e620000 - 0x00007ffa8e6be000 	C:\WINDOWS\System32\msvcrt.dll
0x00007ffa8e780000 - 0x00007ffa8e7d9000 	C:\WINDOWS\System32\sechost.dll
0x00007ffa8e9b0000 - 0x00007ffa8ead1000 	C:\WINDOWS\System32\RPCRT4.dll
0x00007ffa90490000 - 0x00007ffa905f5000 	C:\WINDOWS\System32\USER32.dll
0x000000005a280000 - 0x000000005a29e000 	C:\WINDOWS\System32\win32u.dll
0x00007ffa8e740000 - 0x00007ffa8e774000 	C:\WINDOWS\System32\GDI32.dll
0x00007ffa8d710000 - 0x00007ffa8d892000 	C:\WINDOWS\System32\gdi32full.dll
0x00007ffa86250000 - 0x00007ffa864c9000 	C:\WINDOWS\WinSxS\amd64_microsoft.windows.common-controls_6595b64144ccf1df_6.0.14393.0_none_2d0f50fcbdb171b8\COMCTL32.dll
0x00007ffa90bb0000 - 0x00007ffa90e77000 	C:\WINDOWS\System32\combase.dll
0x00007ffa8dc30000 - 0x00007ffa8dd25000 	C:\WINDOWS\System32\ucrtbase.dll
0x00007ffa8d950000 - 0x00007ffa8d9ba000 	C:\WINDOWS\System32\bcryptPrimitives.dll
0x00007ffa8eae0000 - 0x00007ffa8eb0e000 	C:\WINDOWS\System32\IMM32.DLL
0x00000000565c0000 - 0x0000000056691000 	C:\Program Files\Java\jdk1.7.0_40\jre\bin\msvcr100.dll
0x0000000055df0000 - 0x00000000565b9000 	C:\Program Files\Java\jdk1.7.0_40\jre\bin\server\jvm.dll
0x00007ffa90600000 - 0x00007ffa90608000 	C:\WINDOWS\System32\PSAPI.DLL
0x00007ffa7e420000 - 0x00007ffa7e429000 	C:\WINDOWS\SYSTEM32\WSOCK32.dll
0x00007ffa8b250000 - 0x00007ffa8b273000 	C:\WINDOWS\SYSTEM32\WINMM.dll
0x00007ffa8e940000 - 0x00007ffa8e9aa000 	C:\WINDOWS\System32\WS2_32.dll
0x0000000002f70000 - 0x0000000002f9b000 	C:\WINDOWS\SYSTEM32\WINMMBASE.dll
0x00007ffa8dbe0000 - 0x00007ffa8dc22000 	C:\WINDOWS\System32\cfgmgr32.dll
0x0000000055de0000 - 0x0000000055def000 	C:\Program Files\Java\jdk1.7.0_40\jre\bin\verify.dll
0x0000000055db0000 - 0x0000000055dd8000 	C:\Program Files\Java\jdk1.7.0_40\jre\bin\java.dll
0x0000000055d90000 - 0x0000000055da5000 	C:\Program Files\Java\jdk1.7.0_40\jre\bin\zip.dll
0x0000000055d70000 - 0x0000000055d89000 	C:\Program Files\Java\jdk1.7.0_40\jre\bin\net.dll
0x00007ffa8cd80000 - 0x00007ffa8cddc000 	C:\WINDOWS\system32\mswsock.dll
0x0000000055d50000 - 0x0000000055d61000 	C:\Program Files\Java\jdk1.7.0_40\jre\bin\nio.dll
0x00007ffa7b2b0000 - 0x00007ffa7b442000 	C:\WINDOWS\SYSTEM32\dbghelp.dll

VM Arguments:
jvm_args: -Djava.awt.headless=true -Xmx4g -Dfile.encoding=windows-1252 -Duser.country=US -Duser.language=en -Duser.variant 
java_command: com.android.dx.command.Main --dex --num-threads=4 --multi-dex --main-dex-list E:\lib\AndroidStudioProjects\TheSpeaker'sStudioApp\app\build\intermediates\multi-dex\debug\maindexlist.txt --output E:\lib\AndroidStudioProjects\TheSpeaker'sStudioApp\app\build\intermediates\transforms\dex\debug\folders\1000\1f\main E:\lib\AndroidStudioProjects\TheSpeaker'sStudioApp\app\build\intermediates\transforms\jarMerging\debug\jars\1\1f\combined.jar
Launcher Type: SUN_STANDARD

Environment Variables:
PATH=C:\ProgramData\Oracle\Java\javapath;C:\PROGRAM FILES\BROADCOM\BROADCOM 802.11 NETWORK ADAPTER;C:\WINDOWS\SYSTEM32;C:\WINDOWS;C:\WINDOWS\SYSTEM32\WBEM;C:\WINDOWS\SYSTEM32\WINDOWSPOWERSHELL\V1.0\;C:\PROGRAM FILES\NODEJS\;C:\PROGRAM FILES (X86)\ATI TECHNOLOGIES\ATI.ACE\CORE-STATIC;E:\PROGRAM FILES\MYSQL\MYSQL UTILITIES 1.4.3\;E:\PROGRAM FILES\MYSQL\MYSQL UTILITIES 1.4.3\DOCTRINE EXTENSIONS FOR PHP\;C:\RUBY21-X64\BIN;C:\Program Files\WIDCOMM\Bluetooth Software\;C:\Program Files\WIDCOMM\Bluetooth Software\syswow64;C:\Program Files (x86)\Windows Live\Shared;C:\WINDOWS\system32;C:\WINDOWS\System32\Wbem;C:\WINDOWS\System32\WindowsPowerShell\v1.0\;C:\Program Files (x86)\Heroku\bin;C:\Program Files (x86)\git\cmd;C:\Program Files (x86)\Git\cmd;C:\Program Files (x86)\ATI Technologies\ATI.ACE\Core-Static;C:\Program Files (x86)\NVIDIA Corporation\PhysX\Common;C:\WINDOWS\system32;C:\WINDOWS;C:\WINDOWS\System32\Wbem;C:\WINDOWS\System32\WindowsPowerShell\v1.0\;C:\Users\smcgi_000\AppData\Roaming\npm;C:\Users\smcgi_000\AppData\Local\GitHub\PortableGit_054f2e797ebafd44a30203088cd3d58663c627ef\bin;C:\Program Files\PostgreSQL\9.4\bin;C:\Users\smcgi_000\AppData\Local\Android\sdk\platform-tools;C:\Program Files\Java\jdk1.7.0_40\bin;USERPROFILE\AppData\Local\Microsoft\WindowsApps;
USERNAME=smcgi_000
OS=Windows_NT
PROCESSOR_IDENTIFIER=Intel64 Family 6 Model 58 Stepping 9, GenuineIntel



---------------  S Y S T E M  ---------------

OS: Windows 8 , 64 bit Build 9200 

CPU:total 4 (4 cores per cpu, 1 threads per core) family 6 model 58 stepping 9, cmov, cx8, fxsr, mmx, sse, sse2, sse3, ssse3, sse4.1, sse4.2, popcnt, avx, aes, erms, tsc, tscinvbit, tscinv

Memory: 4k page, physical 16723776k(8667084k free), swap 19214144k(8464752k free)

vm_info: Java HotSpot(TM) 64-Bit Server VM (24.0-b56) for windows-amd64 JRE (1.7.0_40-b43), built on Aug 26 2013 22:38:32 by "java_re" with unknown MS VC++:1600

time: Tue Aug 16 16:12:33 2016
elapsed time: 2 seconds

